-- The C compiler identification is GNU 13.3.0
-- The CXX compiler identification is GNU 13.3.0
-- Detecting C compiler ABI info
-- Detecting C compiler ABI info - done
-- Check for working C compiler: /usr/bin/cc - skipped
-- Detecting C compile features
-- Detecting C compile features - done
-- Detecting CXX compiler ABI info
-- Detecting CXX compiler ABI info - done
-- Check for working CXX compiler: /usr/bin/c++ - skipped
-- Detecting CXX compile features
-- Detecting CXX compile features - done
-- Found ament_cmake: 2.5.5 (/opt/ros/jazzy/share/ament_cmake/cmake)
-- Found Python3: /usr/bin/python3 (found version "3.12.3") found components: Interpreter 
-- Found rclcpp: 28.1.16 (/opt/ros/jazzy/share/rclcpp/cmake)
-- Found rosidl_generator_c: 4.6.7 (/opt/ros/jazzy/share/rosidl_generator_c/cmake)
-- Found rosidl_generator_cpp: 4.6.7 (/opt/ros/jazzy/share/rosidl_generator_cpp/cmake)
-- Using all available rosidl_typesupport_c: rosidl_typesupport_fastrtps_c;rosidl_typesupport_introspection_c
-- Using all available rosidl_typesupport_cpp: rosidl_typesupport_fastrtps_cpp;rosidl_typesupport_introspection_cpp
-- Found rmw_implementation_cmake: 7.3.3 (/opt/ros/jazzy/share/rmw_implementation_cmake/cmake)
-- Found rmw_fastrtps_cpp: 8.4.3 (/opt/ros/jazzy/share/rmw_fastrtps_cpp/cmake)
-- Found OpenSSL: /usr/lib/x86_64-linux-gnu/libcrypto.so (found version "3.0.13")  
-- Found FastRTPS: /opt/ros/jazzy/include (Required is at least version "2.13") 
-- Using RMW implementation 'rmw_fastrtps_cpp' as default
-- Found sensor: 0.0.0 (/home/cnrlab/Desktop/scx_basic/workload/n1_4/install/sensor/share/sensor/cmake)
-- Found ament_lint_auto: 0.17.4 (/opt/ros/jazzy/share/ament_lint_auto/cmake)
-- Added test 'cppcheck' to perform static code analysis on C / C++ code
-- Configured cppcheck include dirs: 
-- Configured cppcheck exclude dirs and/or files: 
-- Added test 'lint_cmake' to check CMake code style
-- Added test 'uncrustify' to check C / C++ code style
-- Configured uncrustify additional arguments: 
-- Added test 'xmllint' to check XML markup files
-- Configuring done (0.8s)
-- Generating done (0.0s)
-- Build files have been written to: /home/cnrlab/Desktop/scx_basic/workload/n1_4/build/sink
[ 50%] [32mBuilding CXX object CMakeFiles/n4.dir/src/n4.cpp.o[0m
[100%] [32m[1mLinking CXX executable n4[0m
[100%] Built target n4
-- Install configuration: ""
-- Installing: /home/cnrlab/Desktop/scx_basic/workload/n1_4/install/sink/lib/sink/n4
-- Set non-toolchain portion of runtime path of "/home/cnrlab/Desktop/scx_basic/workload/n1_4/install/sink/lib/sink/n4" to ""
-- Installing: /home/cnrlab/Desktop/scx_basic/workload/n1_4/install/sink/share/sink/config
-- Installing: /home/cnrlab/Desktop/scx_basic/workload/n1_4/install/sink/share/sink/config/sink_config.yaml
-- Installing: /home/cnrlab/Desktop/scx_basic/workload/n1_4/install/sink/share/ament_index/resource_index/package_run_dependencies/sink
-- Installing: /home/cnrlab/Desktop/scx_basic/workload/n1_4/install/sink/share/ament_index/resource_index/parent_prefix_path/sink
-- Installing: /home/cnrlab/Desktop/scx_basic/workload/n1_4/install/sink/share/sink/environment/ament_prefix_path.sh
-- Installing: /home/cnrlab/Desktop/scx_basic/workload/n1_4/install/sink/share/sink/environment/ament_prefix_path.dsv
-- Installing: /home/cnrlab/Desktop/scx_basic/workload/n1_4/install/sink/share/sink/environment/path.sh
-- Installing: /home/cnrlab/Desktop/scx_basic/workload/n1_4/install/sink/share/sink/environment/path.dsv
-- Installing: /home/cnrlab/Desktop/scx_basic/workload/n1_4/install/sink/share/sink/local_setup.bash
-- Installing: /home/cnrlab/Desktop/scx_basic/workload/n1_4/install/sink/share/sink/local_setup.sh
-- Installing: /home/cnrlab/Desktop/scx_basic/workload/n1_4/install/sink/share/sink/local_setup.zsh
-- Installing: /home/cnrlab/Desktop/scx_basic/workload/n1_4/install/sink/share/sink/local_setup.dsv
-- Installing: /home/cnrlab/Desktop/scx_basic/workload/n1_4/install/sink/share/sink/package.dsv
-- Installing: /home/cnrlab/Desktop/scx_basic/workload/n1_4/install/sink/share/ament_index/resource_index/packages/sink
-- Installing: /home/cnrlab/Desktop/scx_basic/workload/n1_4/install/sink/share/sink/cmake/ament_cmake_export_dependencies-extras.cmake
-- Installing: /home/cnrlab/Desktop/scx_basic/workload/n1_4/install/sink/share/sink/cmake/sinkConfig.cmake
-- Installing: /home/cnrlab/Desktop/scx_basic/workload/n1_4/install/sink/share/sink/cmake/sinkConfig-version.cmake
-- Installing: /home/cnrlab/Desktop/scx_basic/workload/n1_4/install/sink/share/sink/package.xml
