-- The C compiler identification is GNU 13.3.0
-- The CXX compiler identification is GNU 13.3.0
-- Detecting C compiler ABI info
-- Detecting C compiler ABI info - done
-- Check for working C compiler: /usr/bin/cc - skipped
-- Detecting C compile features
-- Detecting C compile features - done
-- Detecting CXX compiler ABI info
-- Detecting CXX compiler ABI info - done
-- Check for working CXX compiler: /usr/bin/c++ - skipped
-- Detecting CXX compile features
-- Detecting CXX compile features - done
-- Found ament_cmake: 2.5.5 (/opt/ros/jazzy/share/ament_cmake/cmake)
-- Found Python3: /usr/bin/python3 (found version "3.12.3") found components: Interpreter 
-- Found rclcpp: 28.1.16 (/opt/ros/jazzy/share/rclcpp/cmake)
-- Found rosidl_generator_c: 4.6.7 (/opt/ros/jazzy/share/rosidl_generator_c/cmake)
-- Found rosidl_generator_cpp: 4.6.7 (/opt/ros/jazzy/share/rosidl_generator_cpp/cmake)
-- Using all available rosidl_typesupport_c: rosidl_typesupport_fastrtps_c;rosidl_typesupport_introspection_c
-- Using all available rosidl_typesupport_cpp: rosidl_typesupport_fastrtps_cpp;rosidl_typesupport_introspection_cpp
-- Found rmw_implementation_cmake: 7.3.3 (/opt/ros/jazzy/share/rmw_implementation_cmake/cmake)
-- Found rmw_fastrtps_cpp: 8.4.3 (/opt/ros/jazzy/share/rmw_fastrtps_cpp/cmake)
-- Found OpenSSL: /usr/lib/x86_64-linux-gnu/libcrypto.so (found version "3.0.13")  
-- Found FastRTPS: /opt/ros/jazzy/include (Required is at least version "2.13") 
-- Using RMW implementation 'rmw_fastrtps_cpp' as default
-- Found rosidl_default_generators: 1.6.0 (/opt/ros/jazzy/share/rosidl_default_generators/cmake)
-- Found rosidl_adapter: 4.6.7 (/opt/ros/jazzy/share/rosidl_adapter/cmake)
-- Found ament_cmake_ros: 0.12.0 (/opt/ros/jazzy/share/ament_cmake_ros/cmake)
-- Using all available rosidl_typesupport_c: rosidl_typesupport_fastrtps_c;rosidl_typesupport_introspection_c
-- Using all available rosidl_typesupport_cpp: rosidl_typesupport_fastrtps_cpp;rosidl_typesupport_introspection_cpp
-- Found python_cmake_module: 0.11.1 (/opt/ros/jazzy/share/python_cmake_module/cmake)
-- Found PythonExtra: /usr/bin/python3  
-- Found Python3: /usr/bin/python3 (found version "3.12.3") found components: Interpreter Development NumPy Development.Module Development.Embed 
-- Configuring done (2.3s)
-- Generating done (0.0s)
-- Build files have been written to: /home/cnrlab/Desktop/scx_basic/workload/n1_4/build/sensor
[  2%] [34m[1mGenerating type hashes for ROS interfaces[0m
[  2%] Built target ament_cmake_python_copy_sensor
[  2%] Built target sensor__rosidl_generator_type_description
[  5%] [34m[1mGenerating C code for ROS interfaces[0m
[  8%] [34m[1mGenerating C++ code for ROS interfaces[0m
running egg_info
creating sensor.egg-info
writing sensor.egg-info/PKG-INFO
writing dependency_links to sensor.egg-info/dependency_links.txt
writing top-level names to sensor.egg-info/top_level.txt
writing manifest file 'sensor.egg-info/SOURCES.txt'
reading manifest file 'sensor.egg-info/SOURCES.txt'
writing manifest file 'sensor.egg-info/SOURCES.txt'
[  8%] Built target ament_cmake_python_build_sensor_egg
[  8%] Built target sensor__cpp
[ 11%] [32mBuilding C object CMakeFiles/sensor__rosidl_generator_c.dir/rosidl_generator_c/sensor/msg/detail/workload_msg__description.c.o[0m
[ 13%] [32mBuilding C object CMakeFiles/sensor__rosidl_generator_c.dir/rosidl_generator_c/sensor/msg/detail/workload_msg__functions.c.o[0m
[ 16%] [32mBuilding C object CMakeFiles/sensor__rosidl_generator_c.dir/rosidl_generator_c/sensor/msg/detail/workload_msg__type_support.c.o[0m
[ 19%] [32m[1mLinking C shared library libsensor__rosidl_generator_c.so[0m
[ 19%] Built target sensor__rosidl_generator_c
[ 27%] [34m[1mGenerating C type support for eProsima Fast-RTPS[0m
[ 27%] [34m[1mGenerating C introspection for ROS interfaces[0m
[ 27%] [34m[1mGenerating C++ introspection for ROS interfaces[0m
[ 30%] [34m[1mGenerating C++ type support for eProsima Fast-RTPS[0m
[ 33%] [34m[1mGenerating C++ type support dispatch for ROS interfaces[0m
[ 36%] [34m[1mGenerating C type support dispatch for ROS interfaces[0m
[ 38%] [32mBuilding CXX object CMakeFiles/sensor__rosidl_typesupport_cpp.dir/rosidl_typesupport_cpp/sensor/msg/workload_msg__type_support.cpp.o[0m
[ 41%] [32mBuilding C object CMakeFiles/sensor__rosidl_typesupport_introspection_c.dir/rosidl_typesupport_introspection_c/sensor/msg/detail/workload_msg__type_support.c.o[0m
[ 44%] [32mBuilding CXX object CMakeFiles/sensor__rosidl_typesupport_introspection_cpp.dir/rosidl_typesupport_introspection_cpp/sensor/msg/detail/workload_msg__type_support.cpp.o[0m
[ 47%] [32mBuilding CXX object CMakeFiles/sensor__rosidl_typesupport_fastrtps_cpp.dir/rosidl_typesupport_fastrtps_cpp/sensor/msg/detail/dds_fastrtps/workload_msg__type_support.cpp.o[0m
[ 50%] [32mBuilding CXX object CMakeFiles/sensor__rosidl_typesupport_fastrtps_c.dir/rosidl_typesupport_fastrtps_c/sensor/msg/detail/workload_msg__type_support_c.cpp.o[0m
[ 52%] [32m[1mLinking C shared library libsensor__rosidl_typesupport_introspection_c.so[0m
[ 52%] Built target sensor__rosidl_typesupport_introspection_c
[ 55%] [32mBuilding CXX object CMakeFiles/sensor__rosidl_typesupport_c.dir/rosidl_typesupport_c/sensor/msg/workload_msg__type_support.cpp.o[0m
[ 58%] [32m[1mLinking CXX shared library libsensor__rosidl_typesupport_c.so[0m
[ 58%] Built target sensor__rosidl_typesupport_c
[ 61%] [32m[1mLinking CXX shared library libsensor__rosidl_typesupport_cpp.so[0m
[ 61%] Built target sensor__rosidl_typesupport_cpp
[ 63%] [32m[1mLinking CXX shared library libsensor__rosidl_typesupport_introspection_cpp.so[0m
[ 66%] [32mBuilding CXX object CMakeFiles/n1.dir/src/sensor_source.cpp.o[0m
[ 66%] Built target sensor__rosidl_typesupport_introspection_cpp
[ 69%] [32m[1mLinking CXX shared library libsensor__rosidl_typesupport_fastrtps_c.so[0m
[ 72%] [32m[1mLinking CXX shared library libsensor__rosidl_typesupport_fastrtps_cpp.so[0m
[ 72%] Built target sensor__rosidl_typesupport_fastrtps_c
[ 72%] Built target sensor__rosidl_typesupport_fastrtps_cpp
[ 72%] Built target sensor
[ 75%] [34m[1mGenerating Python code for ROS interfaces[0m
[ 75%] Built target sensor__py
[ 77%] [32mBuilding C object CMakeFiles/sensor__rosidl_generator_py.dir/rosidl_generator_py/sensor/msg/_workload_msg_s.c.o[0m
[ 80%] [32m[1mLinking C shared library libsensor__rosidl_generator_py.so[0m
[ 80%] Built target sensor__rosidl_generator_py
[ 86%] [32mBuilding C object CMakeFiles/sensor_s__rosidl_typesupport_introspection_c.dir/rosidl_generator_py/sensor/_sensor_s.ep.rosidl_typesupport_introspection_c.c.o[0m
[ 86%] [32mBuilding C object CMakeFiles/sensor_s__rosidl_typesupport_c.dir/rosidl_generator_py/sensor/_sensor_s.ep.rosidl_typesupport_c.c.o[0m
[ 88%] [32mBuilding C object CMakeFiles/sensor_s__rosidl_typesupport_fastrtps_c.dir/rosidl_generator_py/sensor/_sensor_s.ep.rosidl_typesupport_fastrtps_c.c.o[0m
[ 91%] [32m[1mLinking C shared module rosidl_generator_py/sensor/sensor_s__rosidl_typesupport_introspection_c.so[0m
[ 97%] [32m[1mLinking C shared module rosidl_generator_py/sensor/sensor_s__rosidl_typesupport_fastrtps_c.so[0m
[ 97%] [32m[1mLinking C shared module rosidl_generator_py/sensor/sensor_s__rosidl_typesupport_c.so[0m
[ 97%] Built target sensor_s__rosidl_typesupport_c
[ 97%] Built target sensor_s__rosidl_typesupport_fastrtps_c
[ 97%] Built target sensor_s__rosidl_typesupport_introspection_c
[100%] [32m[1mLinking CXX executable n1[0m
[100%] Built target n1
-- Install configuration: ""
-- Installing: /home/cnrlab/Desktop/scx_basic/workload/n1_4/install/sensor/share/ament_index/resource_index/rosidl_interfaces/sensor
-- Installing: /home/cnrlab/Desktop/scx_basic/workload/n1_4/install/sensor/share/sensor/msg/WorkloadMsg.json
-- Installing: /home/cnrlab/Desktop/scx_basic/workload/n1_4/install/sensor/include/sensor/sensor
-- Installing: /home/cnrlab/Desktop/scx_basic/workload/n1_4/install/sensor/include/sensor/sensor/msg
-- Installing: /home/cnrlab/Desktop/scx_basic/workload/n1_4/install/sensor/include/sensor/sensor/msg/detail
-- Installing: /home/cnrlab/Desktop/scx_basic/workload/n1_4/install/sensor/include/sensor/sensor/msg/detail/workload_msg__struct.h
-- Installing: /home/cnrlab/Desktop/scx_basic/workload/n1_4/install/sensor/include/sensor/sensor/msg/detail/workload_msg__description.c
-- Installing: /home/cnrlab/Desktop/scx_basic/workload/n1_4/install/sensor/include/sensor/sensor/msg/detail/workload_msg__type_support.c
-- Installing: /home/cnrlab/Desktop/scx_basic/workload/n1_4/install/sensor/include/sensor/sensor/msg/detail/workload_msg__functions.c
-- Installing: /home/cnrlab/Desktop/scx_basic/workload/n1_4/install/sensor/include/sensor/sensor/msg/detail/workload_msg__type_support.h
-- Installing: /home/cnrlab/Desktop/scx_basic/workload/n1_4/install/sensor/include/sensor/sensor/msg/detail/workload_msg__functions.h
-- Installing: /home/cnrlab/Desktop/scx_basic/workload/n1_4/install/sensor/include/sensor/sensor/msg/rosidl_generator_c__visibility_control.h
-- Installing: /home/cnrlab/Desktop/scx_basic/workload/n1_4/install/sensor/include/sensor/sensor/msg/workload_msg.h
-- Installing: /home/cnrlab/Desktop/scx_basic/workload/n1_4/install/sensor/share/sensor/environment/library_path.sh
-- Installing: /home/cnrlab/Desktop/scx_basic/workload/n1_4/install/sensor/share/sensor/environment/library_path.dsv
-- Installing: /home/cnrlab/Desktop/scx_basic/workload/n1_4/install/sensor/lib/libsensor__rosidl_generator_c.so
-- Set non-toolchain portion of runtime path of "/home/cnrlab/Desktop/scx_basic/workload/n1_4/install/sensor/lib/libsensor__rosidl_generator_c.so" to ""
-- Up-to-date: /home/cnrlab/Desktop/scx_basic/workload/n1_4/install/sensor/include/sensor/sensor
-- Up-to-date: /home/cnrlab/Desktop/scx_basic/workload/n1_4/install/sensor/include/sensor/sensor/msg
-- Up-to-date: /home/cnrlab/Desktop/scx_basic/workload/n1_4/install/sensor/include/sensor/sensor/msg/detail
-- Installing: /home/cnrlab/Desktop/scx_basic/workload/n1_4/install/sensor/include/sensor/sensor/msg/detail/workload_msg__rosidl_typesupport_fastrtps_c.h
-- Installing: /home/cnrlab/Desktop/scx_basic/workload/n1_4/install/sensor/include/sensor/sensor/msg/rosidl_typesupport_fastrtps_c__visibility_control.h
-- Installing: /home/cnrlab/Desktop/scx_basic/workload/n1_4/install/sensor/lib/libsensor__rosidl_typesupport_fastrtps_c.so
-- Set non-toolchain portion of runtime path of "/home/cnrlab/Desktop/scx_basic/workload/n1_4/install/sensor/lib/libsensor__rosidl_typesupport_fastrtps_c.so" to ""
-- Up-to-date: /home/cnrlab/Desktop/scx_basic/workload/n1_4/install/sensor/include/sensor/sensor
-- Up-to-date: /home/cnrlab/Desktop/scx_basic/workload/n1_4/install/sensor/include/sensor/sensor/msg
-- Up-to-date: /home/cnrlab/Desktop/scx_basic/workload/n1_4/install/sensor/include/sensor/sensor/msg/detail
-- Installing: /home/cnrlab/Desktop/scx_basic/workload/n1_4/install/sensor/include/sensor/sensor/msg/detail/workload_msg__type_support.hpp
-- Installing: /home/cnrlab/Desktop/scx_basic/workload/n1_4/install/sensor/include/sensor/sensor/msg/detail/workload_msg__traits.hpp
-- Installing: /home/cnrlab/Desktop/scx_basic/workload/n1_4/install/sensor/include/sensor/sensor/msg/detail/workload_msg__builder.hpp
-- Installing: /home/cnrlab/Desktop/scx_basic/workload/n1_4/install/sensor/include/sensor/sensor/msg/detail/workload_msg__struct.hpp
-- Installing: /home/cnrlab/Desktop/scx_basic/workload/n1_4/install/sensor/include/sensor/sensor/msg/rosidl_generator_cpp__visibility_control.hpp
-- Installing: /home/cnrlab/Desktop/scx_basic/workload/n1_4/install/sensor/include/sensor/sensor/msg/workload_msg.hpp
-- Up-to-date: /home/cnrlab/Desktop/scx_basic/workload/n1_4/install/sensor/include/sensor/sensor
-- Up-to-date: /home/cnrlab/Desktop/scx_basic/workload/n1_4/install/sensor/include/sensor/sensor/msg
-- Up-to-date: /home/cnrlab/Desktop/scx_basic/workload/n1_4/install/sensor/include/sensor/sensor/msg/detail
-- Installing: /home/cnrlab/Desktop/scx_basic/workload/n1_4/install/sensor/include/sensor/sensor/msg/detail/workload_msg__rosidl_typesupport_fastrtps_cpp.hpp
-- Installing: /home/cnrlab/Desktop/scx_basic/workload/n1_4/install/sensor/include/sensor/sensor/msg/detail/dds_fastrtps
-- Installing: /home/cnrlab/Desktop/scx_basic/workload/n1_4/install/sensor/include/sensor/sensor/msg/rosidl_typesupport_fastrtps_cpp__visibility_control.h
-- Installing: /home/cnrlab/Desktop/scx_basic/workload/n1_4/install/sensor/lib/libsensor__rosidl_typesupport_fastrtps_cpp.so
-- Set non-toolchain portion of runtime path of "/home/cnrlab/Desktop/scx_basic/workload/n1_4/install/sensor/lib/libsensor__rosidl_typesupport_fastrtps_cpp.so" to ""
-- Up-to-date: /home/cnrlab/Desktop/scx_basic/workload/n1_4/install/sensor/include/sensor/sensor
-- Up-to-date: /home/cnrlab/Desktop/scx_basic/workload/n1_4/install/sensor/include/sensor/sensor/msg
-- Up-to-date: /home/cnrlab/Desktop/scx_basic/workload/n1_4/install/sensor/include/sensor/sensor/msg/detail
-- Up-to-date: /home/cnrlab/Desktop/scx_basic/workload/n1_4/install/sensor/include/sensor/sensor/msg/detail/workload_msg__type_support.c
-- Installing: /home/cnrlab/Desktop/scx_basic/workload/n1_4/install/sensor/include/sensor/sensor/msg/detail/workload_msg__rosidl_typesupport_introspection_c.h
-- Installing: /home/cnrlab/Desktop/scx_basic/workload/n1_4/install/sensor/include/sensor/sensor/msg/rosidl_typesupport_introspection_c__visibility_control.h
-- Installing: /home/cnrlab/Desktop/scx_basic/workload/n1_4/install/sensor/lib/libsensor__rosidl_typesupport_introspection_c.so
-- Set non-toolchain portion of runtime path of "/home/cnrlab/Desktop/scx_basic/workload/n1_4/install/sensor/lib/libsensor__rosidl_typesupport_introspection_c.so" to ""
-- Installing: /home/cnrlab/Desktop/scx_basic/workload/n1_4/install/sensor/lib/libsensor__rosidl_typesupport_c.so
-- Set non-toolchain portion of runtime path of "/home/cnrlab/Desktop/scx_basic/workload/n1_4/install/sensor/lib/libsensor__rosidl_typesupport_c.so" to ""
-- Up-to-date: /home/cnrlab/Desktop/scx_basic/workload/n1_4/install/sensor/include/sensor/sensor
-- Up-to-date: /home/cnrlab/Desktop/scx_basic/workload/n1_4/install/sensor/include/sensor/sensor/msg
-- Up-to-date: /home/cnrlab/Desktop/scx_basic/workload/n1_4/install/sensor/include/sensor/sensor/msg/detail
-- Installing: /home/cnrlab/Desktop/scx_basic/workload/n1_4/install/sensor/include/sensor/sensor/msg/detail/workload_msg__type_support.cpp
-- Installing: /home/cnrlab/Desktop/scx_basic/workload/n1_4/install/sensor/include/sensor/sensor/msg/detail/workload_msg__rosidl_typesupport_introspection_cpp.hpp
-- Installing: /home/cnrlab/Desktop/scx_basic/workload/n1_4/install/sensor/lib/libsensor__rosidl_typesupport_introspection_cpp.so
-- Set non-toolchain portion of runtime path of "/home/cnrlab/Desktop/scx_basic/workload/n1_4/install/sensor/lib/libsensor__rosidl_typesupport_introspection_cpp.so" to ""
-- Installing: /home/cnrlab/Desktop/scx_basic/workload/n1_4/install/sensor/lib/libsensor__rosidl_typesupport_cpp.so
-- Set non-toolchain portion of runtime path of "/home/cnrlab/Desktop/scx_basic/workload/n1_4/install/sensor/lib/libsensor__rosidl_typesupport_cpp.so" to ""
-- Installing: /home/cnrlab/Desktop/scx_basic/workload/n1_4/install/sensor/share/sensor/environment/pythonpath.sh
-- Installing: /home/cnrlab/Desktop/scx_basic/workload/n1_4/install/sensor/share/sensor/environment/pythonpath.dsv
-- Installing: /home/cnrlab/Desktop/scx_basic/workload/n1_4/install/sensor/lib/python3.12/site-packages/sensor-0.0.0-py3.12.egg-info
-- Installing: /home/cnrlab/Desktop/scx_basic/workload/n1_4/install/sensor/lib/python3.12/site-packages/sensor-0.0.0-py3.12.egg-info/top_level.txt
-- Installing: /home/cnrlab/Desktop/scx_basic/workload/n1_4/install/sensor/lib/python3.12/site-packages/sensor-0.0.0-py3.12.egg-info/SOURCES.txt
-- Installing: /home/cnrlab/Desktop/scx_basic/workload/n1_4/install/sensor/lib/python3.12/site-packages/sensor-0.0.0-py3.12.egg-info/dependency_links.txt
-- Installing: /home/cnrlab/Desktop/scx_basic/workload/n1_4/install/sensor/lib/python3.12/site-packages/sensor-0.0.0-py3.12.egg-info/PKG-INFO
-- Installing: /home/cnrlab/Desktop/scx_basic/workload/n1_4/install/sensor/lib/python3.12/site-packages/sensor
-- Installing: /home/cnrlab/Desktop/scx_basic/workload/n1_4/install/sensor/lib/python3.12/site-packages/sensor/_sensor_s.ep.rosidl_typesupport_c.c
-- Installing: /home/cnrlab/Desktop/scx_basic/workload/n1_4/install/sensor/lib/python3.12/site-packages/sensor/_sensor_s.ep.rosidl_typesupport_fastrtps_c.c
-- Installing: /home/cnrlab/Desktop/scx_basic/workload/n1_4/install/sensor/lib/python3.12/site-packages/sensor/sensor_s__rosidl_typesupport_introspection_c.so
-- Installing: /home/cnrlab/Desktop/scx_basic/workload/n1_4/install/sensor/lib/python3.12/site-packages/sensor/msg
-- Installing: /home/cnrlab/Desktop/scx_basic/workload/n1_4/install/sensor/lib/python3.12/site-packages/sensor/msg/_workload_msg_s.c
-- Installing: /home/cnrlab/Desktop/scx_basic/workload/n1_4/install/sensor/lib/python3.12/site-packages/sensor/msg/_workload_msg.py
-- Installing: /home/cnrlab/Desktop/scx_basic/workload/n1_4/install/sensor/lib/python3.12/site-packages/sensor/msg/__init__.py
-- Installing: /home/cnrlab/Desktop/scx_basic/workload/n1_4/install/sensor/lib/python3.12/site-packages/sensor/sensor_s__rosidl_typesupport_c.so
-- Installing: /home/cnrlab/Desktop/scx_basic/workload/n1_4/install/sensor/lib/python3.12/site-packages/sensor/_sensor_s.ep.rosidl_typesupport_introspection_c.c
-- Installing: /home/cnrlab/Desktop/scx_basic/workload/n1_4/install/sensor/lib/python3.12/site-packages/sensor/sensor_s__rosidl_typesupport_fastrtps_c.so
-- Installing: /home/cnrlab/Desktop/scx_basic/workload/n1_4/install/sensor/lib/python3.12/site-packages/sensor/__init__.py
Listing '/home/cnrlab/Desktop/scx_basic/workload/n1_4/install/sensor/lib/python3.12/site-packages/sensor'...
Compiling '/home/cnrlab/Desktop/scx_basic/workload/n1_4/install/sensor/lib/python3.12/site-packages/sensor/__init__.py'...
Listing '/home/cnrlab/Desktop/scx_basic/workload/n1_4/install/sensor/lib/python3.12/site-packages/sensor/msg'...
Compiling '/home/cnrlab/Desktop/scx_basic/workload/n1_4/install/sensor/lib/python3.12/site-packages/sensor/msg/__init__.py'...
Compiling '/home/cnrlab/Desktop/scx_basic/workload/n1_4/install/sensor/lib/python3.12/site-packages/sensor/msg/_workload_msg.py'...
-- Installing: /home/cnrlab/Desktop/scx_basic/workload/n1_4/install/sensor/lib/python3.12/site-packages/sensor/sensor_s__rosidl_typesupport_fastrtps_c.so
-- Set non-toolchain portion of runtime path of "/home/cnrlab/Desktop/scx_basic/workload/n1_4/install/sensor/lib/python3.12/site-packages/sensor/sensor_s__rosidl_typesupport_fastrtps_c.so" to ""
-- Installing: /home/cnrlab/Desktop/scx_basic/workload/n1_4/install/sensor/lib/python3.12/site-packages/sensor/sensor_s__rosidl_typesupport_introspection_c.so
-- Set non-toolchain portion of runtime path of "/home/cnrlab/Desktop/scx_basic/workload/n1_4/install/sensor/lib/python3.12/site-packages/sensor/sensor_s__rosidl_typesupport_introspection_c.so" to ""
-- Installing: /home/cnrlab/Desktop/scx_basic/workload/n1_4/install/sensor/lib/python3.12/site-packages/sensor/sensor_s__rosidl_typesupport_c.so
-- Set non-toolchain portion of runtime path of "/home/cnrlab/Desktop/scx_basic/workload/n1_4/install/sensor/lib/python3.12/site-packages/sensor/sensor_s__rosidl_typesupport_c.so" to ""
-- Installing: /home/cnrlab/Desktop/scx_basic/workload/n1_4/install/sensor/lib/libsensor__rosidl_generator_py.so
-- Set non-toolchain portion of runtime path of "/home/cnrlab/Desktop/scx_basic/workload/n1_4/install/sensor/lib/libsensor__rosidl_generator_py.so" to ""
-- Installing: /home/cnrlab/Desktop/scx_basic/workload/n1_4/install/sensor/share/sensor/msg/WorkloadMsg.idl
-- Installing: /home/cnrlab/Desktop/scx_basic/workload/n1_4/install/sensor/share/sensor/msg/WorkloadMsg.msg
-- Installing: /home/cnrlab/Desktop/scx_basic/workload/n1_4/install/sensor/lib/sensor/n1
-- Set non-toolchain portion of runtime path of "/home/cnrlab/Desktop/scx_basic/workload/n1_4/install/sensor/lib/sensor/n1" to ""
-- Installing: /home/cnrlab/Desktop/scx_basic/workload/n1_4/install/sensor/share/sensor/config
-- Installing: /home/cnrlab/Desktop/scx_basic/workload/n1_4/install/sensor/share/sensor/config/workload_config.yaml
-- Installing: /home/cnrlab/Desktop/scx_basic/workload/n1_4/install/sensor/share/ament_index/resource_index/package_run_dependencies/sensor
-- Installing: /home/cnrlab/Desktop/scx_basic/workload/n1_4/install/sensor/share/ament_index/resource_index/parent_prefix_path/sensor
-- Installing: /home/cnrlab/Desktop/scx_basic/workload/n1_4/install/sensor/share/sensor/environment/ament_prefix_path.sh
-- Installing: /home/cnrlab/Desktop/scx_basic/workload/n1_4/install/sensor/share/sensor/environment/ament_prefix_path.dsv
-- Installing: /home/cnrlab/Desktop/scx_basic/workload/n1_4/install/sensor/share/sensor/environment/path.sh
-- Installing: /home/cnrlab/Desktop/scx_basic/workload/n1_4/install/sensor/share/sensor/environment/path.dsv
-- Installing: /home/cnrlab/Desktop/scx_basic/workload/n1_4/install/sensor/share/sensor/local_setup.bash
-- Installing: /home/cnrlab/Desktop/scx_basic/workload/n1_4/install/sensor/share/sensor/local_setup.sh
-- Installing: /home/cnrlab/Desktop/scx_basic/workload/n1_4/install/sensor/share/sensor/local_setup.zsh
-- Installing: /home/cnrlab/Desktop/scx_basic/workload/n1_4/install/sensor/share/sensor/local_setup.dsv
-- Installing: /home/cnrlab/Desktop/scx_basic/workload/n1_4/install/sensor/share/sensor/package.dsv
-- Installing: /home/cnrlab/Desktop/scx_basic/workload/n1_4/install/sensor/share/ament_index/resource_index/packages/sensor
-- Installing: /home/cnrlab/Desktop/scx_basic/workload/n1_4/install/sensor/share/sensor/cmake/export_sensor__rosidl_generator_cExport.cmake
-- Installing: /home/cnrlab/Desktop/scx_basic/workload/n1_4/install/sensor/share/sensor/cmake/export_sensor__rosidl_generator_cExport-noconfig.cmake
-- Installing: /home/cnrlab/Desktop/scx_basic/workload/n1_4/install/sensor/share/sensor/cmake/export_sensor__rosidl_typesupport_fastrtps_cExport.cmake
-- Installing: /home/cnrlab/Desktop/scx_basic/workload/n1_4/install/sensor/share/sensor/cmake/export_sensor__rosidl_typesupport_fastrtps_cExport-noconfig.cmake
-- Installing: /home/cnrlab/Desktop/scx_basic/workload/n1_4/install/sensor/share/sensor/cmake/export_sensor__rosidl_generator_cppExport.cmake
-- Installing: /home/cnrlab/Desktop/scx_basic/workload/n1_4/install/sensor/share/sensor/cmake/export_sensor__rosidl_typesupport_fastrtps_cppExport.cmake
-- Installing: /home/cnrlab/Desktop/scx_basic/workload/n1_4/install/sensor/share/sensor/cmake/export_sensor__rosidl_typesupport_fastrtps_cppExport-noconfig.cmake
-- Installing: /home/cnrlab/Desktop/scx_basic/workload/n1_4/install/sensor/share/sensor/cmake/sensor__rosidl_typesupport_introspection_cExport.cmake
-- Installing: /home/cnrlab/Desktop/scx_basic/workload/n1_4/install/sensor/share/sensor/cmake/sensor__rosidl_typesupport_introspection_cExport-noconfig.cmake
-- Installing: /home/cnrlab/Desktop/scx_basic/workload/n1_4/install/sensor/share/sensor/cmake/sensor__rosidl_typesupport_cExport.cmake
-- Installing: /home/cnrlab/Desktop/scx_basic/workload/n1_4/install/sensor/share/sensor/cmake/sensor__rosidl_typesupport_cExport-noconfig.cmake
-- Installing: /home/cnrlab/Desktop/scx_basic/workload/n1_4/install/sensor/share/sensor/cmake/sensor__rosidl_typesupport_introspection_cppExport.cmake
-- Installing: /home/cnrlab/Desktop/scx_basic/workload/n1_4/install/sensor/share/sensor/cmake/sensor__rosidl_typesupport_introspection_cppExport-noconfig.cmake
-- Installing: /home/cnrlab/Desktop/scx_basic/workload/n1_4/install/sensor/share/sensor/cmake/sensor__rosidl_typesupport_cppExport.cmake
-- Installing: /home/cnrlab/Desktop/scx_basic/workload/n1_4/install/sensor/share/sensor/cmake/sensor__rosidl_typesupport_cppExport-noconfig.cmake
-- Installing: /home/cnrlab/Desktop/scx_basic/workload/n1_4/install/sensor/share/sensor/cmake/export_sensor__rosidl_generator_pyExport.cmake
-- Installing: /home/cnrlab/Desktop/scx_basic/workload/n1_4/install/sensor/share/sensor/cmake/export_sensor__rosidl_generator_pyExport-noconfig.cmake
-- Installing: /home/cnrlab/Desktop/scx_basic/workload/n1_4/install/sensor/share/sensor/cmake/rosidl_cmake-extras.cmake
-- Installing: /home/cnrlab/Desktop/scx_basic/workload/n1_4/install/sensor/share/sensor/cmake/ament_cmake_export_include_directories-extras.cmake
-- Installing: /home/cnrlab/Desktop/scx_basic/workload/n1_4/install/sensor/share/sensor/cmake/ament_cmake_export_libraries-extras.cmake
-- Installing: /home/cnrlab/Desktop/scx_basic/workload/n1_4/install/sensor/share/sensor/cmake/ament_cmake_export_targets-extras.cmake
-- Installing: /home/cnrlab/Desktop/scx_basic/workload/n1_4/install/sensor/share/sensor/cmake/rosidl_cmake_export_typesupport_targets-extras.cmake
-- Installing: /home/cnrlab/Desktop/scx_basic/workload/n1_4/install/sensor/share/sensor/cmake/ament_cmake_export_dependencies-extras.cmake
-- Installing: /home/cnrlab/Desktop/scx_basic/workload/n1_4/install/sensor/share/sensor/cmake/rosidl_cmake_export_typesupport_libraries-extras.cmake
-- Installing: /home/cnrlab/Desktop/scx_basic/workload/n1_4/install/sensor/share/sensor/cmake/sensorConfig.cmake
-- Installing: /home/cnrlab/Desktop/scx_basic/workload/n1_4/install/sensor/share/sensor/cmake/sensorConfig-version.cmake
-- Installing: /home/cnrlab/Desktop/scx_basic/workload/n1_4/install/sensor/share/sensor/package.xml
