[0.007s] Invoking command in '/home/cnrlab/Desktop/scx_basic/workload/n1_4/build/sensor': CMAKE_PREFIX_PATH=${CMAKE_PREFIX_PATH}:/opt/ros/jazzy DEBUGINFOD_URLS=https://debuginfod.ubuntu.com /usr/bin/cmake /home/cnrlab/Desktop/scx_basic/workload/n1_4/src/sensor -DCMAKE_INSTALL_PREFIX=/home/cnrlab/Desktop/scx_basic/workload/n1_4/install/sensor
[0.054s] -- The C compiler identification is GNU 13.3.0
[0.099s] -- The CXX compiler identification is GNU 13.3.0
[0.113s] -- Detecting C compiler ABI info
[0.178s] -- Detecting C compiler ABI info - done
[0.186s] -- Check for working C compiler: /usr/bin/cc - skipped
[0.186s] -- Detecting C compile features
[0.186s] -- Detecting C compile features - done
[0.193s] -- Detecting CXX compiler ABI info
[0.265s] -- Detecting CXX compiler ABI info - done
[0.270s] -- Check for working CXX compiler: /usr/bin/c++ - skipped
[0.271s] -- Detecting CXX compile features
[0.271s] -- Detecting CXX compile features - done
[0.272s] -- Found ament_cmake: 2.5.5 (/opt/ros/jazzy/share/ament_cmake/cmake)
[0.372s] -- Found Python3: /usr/bin/python3 (found version "3.12.3") found components: Interpreter 
[0.440s] -- Found rclcpp: 28.1.16 (/opt/ros/jazzy/share/rclcpp/cmake)
[0.465s] -- Found rosidl_generator_c: 4.6.7 (/opt/ros/jazzy/share/rosidl_generator_c/cmake)
[0.473s] -- Found rosidl_generator_cpp: 4.6.7 (/opt/ros/jazzy/share/rosidl_generator_cpp/cmake)
[0.482s] -- Using all available rosidl_typesupport_c: rosidl_typesupport_fastrtps_c;rosidl_typesupport_introspection_c
[0.493s] -- Using all available rosidl_typesupport_cpp: rosidl_typesupport_fastrtps_cpp;rosidl_typesupport_introspection_cpp
[0.542s] -- Found rmw_implementation_cmake: 7.3.3 (/opt/ros/jazzy/share/rmw_implementation_cmake/cmake)
[0.544s] -- Found rmw_fastrtps_cpp: 8.4.3 (/opt/ros/jazzy/share/rmw_fastrtps_cpp/cmake)
[0.605s] -- Found OpenSSL: /usr/lib/x86_64-linux-gnu/libcrypto.so (found version "3.0.13")  
[0.620s] -- Found FastRTPS: /opt/ros/jazzy/include (Required is at least version "2.13") 
[0.641s] -- Using RMW implementation 'rmw_fastrtps_cpp' as default
[0.693s] -- Found rosidl_default_generators: 1.6.0 (/opt/ros/jazzy/share/rosidl_default_generators/cmake)
[0.700s] -- Found rosidl_adapter: 4.6.7 (/opt/ros/jazzy/share/rosidl_adapter/cmake)
[1.138s] -- Found ament_cmake_ros: 0.12.0 (/opt/ros/jazzy/share/ament_cmake_ros/cmake)
[1.671s] -- Using all available rosidl_typesupport_c: rosidl_typesupport_fastrtps_c;rosidl_typesupport_introspection_c
[1.880s] -- Using all available rosidl_typesupport_cpp: rosidl_typesupport_fastrtps_cpp;rosidl_typesupport_introspection_cpp
[1.882s] -- Found python_cmake_module: 0.11.1 (/opt/ros/jazzy/share/python_cmake_module/cmake)
[1.982s] -- Found PythonExtra: /usr/bin/python3  
[2.298s] -- Found Python3: /usr/bin/python3 (found version "3.12.3") found components: Interpreter Development NumPy Development.Module Development.Embed 
[2.327s] -- Configuring done (2.3s)
[2.346s] -- Generating done (0.0s)
[2.353s] -- Build files have been written to: /home/cnrlab/Desktop/scx_basic/workload/n1_4/build/sensor
[2.362s] Invoked command in '/home/cnrlab/Desktop/scx_basic/workload/n1_4/build/sensor' returned '0': CMAKE_PREFIX_PATH=${CMAKE_PREFIX_PATH}:/opt/ros/jazzy DEBUGINFOD_URLS=https://debuginfod.ubuntu.com /usr/bin/cmake /home/cnrlab/Desktop/scx_basic/workload/n1_4/src/sensor -DCMAKE_INSTALL_PREFIX=/home/cnrlab/Desktop/scx_basic/workload/n1_4/install/sensor
[2.363s] Invoking command in '/home/cnrlab/Desktop/scx_basic/workload/n1_4/build/sensor': CMAKE_PREFIX_PATH=${CMAKE_PREFIX_PATH}:/opt/ros/jazzy DEBUGINFOD_URLS=https://debuginfod.ubuntu.com /usr/bin/cmake --build /home/cnrlab/Desktop/scx_basic/workload/n1_4/build/sensor -- -j20 -l20
[2.401s] [  2%] [34m[1mGenerating type hashes for ROS interfaces[0m
[2.408s] [  2%] Built target ament_cmake_python_copy_sensor
[2.534s] [  2%] Built target sensor__rosidl_generator_type_description
[2.541s] [  5%] [34m[1mGenerating C code for ROS interfaces[0m
[2.551s] [  8%] [34m[1mGenerating C++ code for ROS interfaces[0m
[2.551s] running egg_info
[2.552s] creating sensor.egg-info
[2.564s] writing sensor.egg-info/PKG-INFO
[2.564s] writing dependency_links to sensor.egg-info/dependency_links.txt
[2.564s] writing top-level names to sensor.egg-info/top_level.txt
[2.564s] writing manifest file 'sensor.egg-info/SOURCES.txt'
[2.592s] reading manifest file 'sensor.egg-info/SOURCES.txt'
[2.593s] writing manifest file 'sensor.egg-info/SOURCES.txt'
[2.614s] [  8%] Built target ament_cmake_python_build_sensor_egg
[2.707s] [  8%] Built target sensor__cpp
[2.716s] [ 11%] [32mBuilding C object CMakeFiles/sensor__rosidl_generator_c.dir/rosidl_generator_c/sensor/msg/detail/workload_msg__description.c.o[0m
[2.716s] [ 13%] [32mBuilding C object CMakeFiles/sensor__rosidl_generator_c.dir/rosidl_generator_c/sensor/msg/detail/workload_msg__functions.c.o[0m
[2.716s] [ 16%] [32mBuilding C object CMakeFiles/sensor__rosidl_generator_c.dir/rosidl_generator_c/sensor/msg/detail/workload_msg__type_support.c.o[0m
[2.751s] [ 19%] [32m[1mLinking C shared library libsensor__rosidl_generator_c.so[0m
[2.780s] [ 19%] Built target sensor__rosidl_generator_c
[2.786s] [ 27%] [34m[1mGenerating C type support for eProsima Fast-RTPS[0m
[2.786s] [ 27%] [34m[1mGenerating C introspection for ROS interfaces[0m
[2.786s] [ 27%] [34m[1mGenerating C++ introspection for ROS interfaces[0m
[2.787s] [ 30%] [34m[1mGenerating C++ type support for eProsima Fast-RTPS[0m
[2.788s] [ 33%] [34m[1mGenerating C++ type support dispatch for ROS interfaces[0m
[2.788s] [ 36%] [34m[1mGenerating C type support dispatch for ROS interfaces[0m
[2.952s] [ 38%] [32mBuilding CXX object CMakeFiles/sensor__rosidl_typesupport_cpp.dir/rosidl_typesupport_cpp/sensor/msg/workload_msg__type_support.cpp.o[0m
[2.953s] [ 41%] [32mBuilding C object CMakeFiles/sensor__rosidl_typesupport_introspection_c.dir/rosidl_typesupport_introspection_c/sensor/msg/detail/workload_msg__type_support.c.o[0m
[2.956s] [ 44%] [32mBuilding CXX object CMakeFiles/sensor__rosidl_typesupport_introspection_cpp.dir/rosidl_typesupport_introspection_cpp/sensor/msg/detail/workload_msg__type_support.cpp.o[0m
[2.957s] [ 47%] [32mBuilding CXX object CMakeFiles/sensor__rosidl_typesupport_fastrtps_cpp.dir/rosidl_typesupport_fastrtps_cpp/sensor/msg/detail/dds_fastrtps/workload_msg__type_support.cpp.o[0m
[2.967s] [ 50%] [32mBuilding CXX object CMakeFiles/sensor__rosidl_typesupport_fastrtps_c.dir/rosidl_typesupport_fastrtps_c/sensor/msg/detail/workload_msg__type_support_c.cpp.o[0m
[2.979s] [ 52%] [32m[1mLinking C shared library libsensor__rosidl_typesupport_introspection_c.so[0m
[3.005s] [ 52%] Built target sensor__rosidl_typesupport_introspection_c
[3.015s] [ 55%] [32mBuilding CXX object CMakeFiles/sensor__rosidl_typesupport_c.dir/rosidl_typesupport_c/sensor/msg/workload_msg__type_support.cpp.o[0m
[3.047s] [ 58%] [32m[1mLinking CXX shared library libsensor__rosidl_typesupport_c.so[0m
[3.078s] [ 58%] Built target sensor__rosidl_typesupport_c
[3.152s] [ 61%] [32m[1mLinking CXX shared library libsensor__rosidl_typesupport_cpp.so[0m
[3.182s] [ 61%] Built target sensor__rosidl_typesupport_cpp
[3.193s] [ 63%] [32m[1mLinking CXX shared library libsensor__rosidl_typesupport_introspection_cpp.so[0m
[3.200s] [ 66%] [32mBuilding CXX object CMakeFiles/n1.dir/src/sensor_source.cpp.o[0m
[3.245s] [ 66%] Built target sensor__rosidl_typesupport_introspection_cpp
[3.276s] [ 69%] [32m[1mLinking CXX shared library libsensor__rosidl_typesupport_fastrtps_c.so[0m
[3.282s] [ 72%] [32m[1mLinking CXX shared library libsensor__rosidl_typesupport_fastrtps_cpp.so[0m
[3.328s] [ 72%] Built target sensor__rosidl_typesupport_fastrtps_c
[3.341s] [ 72%] Built target sensor__rosidl_typesupport_fastrtps_cpp
[3.355s] [ 72%] Built target sensor
[3.371s] [ 75%] [34m[1mGenerating Python code for ROS interfaces[0m
[3.569s] [ 75%] Built target sensor__py
[3.584s] [ 77%] [32mBuilding C object CMakeFiles/sensor__rosidl_generator_py.dir/rosidl_generator_py/sensor/msg/_workload_msg_s.c.o[0m
[3.670s] [ 80%] [32m[1mLinking C shared library libsensor__rosidl_generator_py.so[0m
[3.700s] [ 80%] Built target sensor__rosidl_generator_py
[3.717s] [ 86%] [32mBuilding C object CMakeFiles/sensor_s__rosidl_typesupport_introspection_c.dir/rosidl_generator_py/sensor/_sensor_s.ep.rosidl_typesupport_introspection_c.c.o[0m
[3.717s] [ 86%] [32mBuilding C object CMakeFiles/sensor_s__rosidl_typesupport_c.dir/rosidl_generator_py/sensor/_sensor_s.ep.rosidl_typesupport_c.c.o[0m
[3.718s] [ 88%] [32mBuilding C object CMakeFiles/sensor_s__rosidl_typesupport_fastrtps_c.dir/rosidl_generator_py/sensor/_sensor_s.ep.rosidl_typesupport_fastrtps_c.c.o[0m
[3.780s] [ 91%] [32m[1mLinking C shared module rosidl_generator_py/sensor/sensor_s__rosidl_typesupport_introspection_c.so[0m
[3.781s] [ 97%] [32m[1mLinking C shared module rosidl_generator_py/sensor/sensor_s__rosidl_typesupport_fastrtps_c.so[0m
[3.781s] [ 97%] [32m[1mLinking C shared module rosidl_generator_py/sensor/sensor_s__rosidl_typesupport_c.so[0m
[3.804s] [ 97%] Built target sensor_s__rosidl_typesupport_c
[3.805s] [ 97%] Built target sensor_s__rosidl_typesupport_fastrtps_c
[3.805s] [ 97%] Built target sensor_s__rosidl_typesupport_introspection_c
[5.966s] [100%] [32m[1mLinking CXX executable n1[0m
[6.072s] [100%] Built target n1
[6.081s] Invoked command in '/home/cnrlab/Desktop/scx_basic/workload/n1_4/build/sensor' returned '0': CMAKE_PREFIX_PATH=${CMAKE_PREFIX_PATH}:/opt/ros/jazzy DEBUGINFOD_URLS=https://debuginfod.ubuntu.com /usr/bin/cmake --build /home/cnrlab/Desktop/scx_basic/workload/n1_4/build/sensor -- -j20 -l20
[6.089s] Invoking command in '/home/cnrlab/Desktop/scx_basic/workload/n1_4/build/sensor': CMAKE_PREFIX_PATH=${CMAKE_PREFIX_PATH}:/opt/ros/jazzy DEBUGINFOD_URLS=https://debuginfod.ubuntu.com /usr/bin/cmake --install /home/cnrlab/Desktop/scx_basic/workload/n1_4/build/sensor
[6.094s] -- Install configuration: ""
[6.095s] -- Installing: /home/cnrlab/Desktop/scx_basic/workload/n1_4/install/sensor/share/ament_index/resource_index/rosidl_interfaces/sensor
[6.095s] -- Installing: /home/cnrlab/Desktop/scx_basic/workload/n1_4/install/sensor/share/sensor/msg/WorkloadMsg.json
[6.095s] -- Installing: /home/cnrlab/Desktop/scx_basic/workload/n1_4/install/sensor/include/sensor/sensor
[6.095s] -- Installing: /home/cnrlab/Desktop/scx_basic/workload/n1_4/install/sensor/include/sensor/sensor/msg
[6.095s] -- Installing: /home/cnrlab/Desktop/scx_basic/workload/n1_4/install/sensor/include/sensor/sensor/msg/detail
[6.095s] -- Installing: /home/cnrlab/Desktop/scx_basic/workload/n1_4/install/sensor/include/sensor/sensor/msg/detail/workload_msg__struct.h
[6.095s] -- Installing: /home/cnrlab/Desktop/scx_basic/workload/n1_4/install/sensor/include/sensor/sensor/msg/detail/workload_msg__description.c
[6.095s] -- Installing: /home/cnrlab/Desktop/scx_basic/workload/n1_4/install/sensor/include/sensor/sensor/msg/detail/workload_msg__type_support.c
[6.095s] -- Installing: /home/cnrlab/Desktop/scx_basic/workload/n1_4/install/sensor/include/sensor/sensor/msg/detail/workload_msg__functions.c
[6.095s] -- Installing: /home/cnrlab/Desktop/scx_basic/workload/n1_4/install/sensor/include/sensor/sensor/msg/detail/workload_msg__type_support.h
[6.096s] -- Installing: /home/cnrlab/Desktop/scx_basic/workload/n1_4/install/sensor/include/sensor/sensor/msg/detail/workload_msg__functions.h
[6.096s] -- Installing: /home/cnrlab/Desktop/scx_basic/workload/n1_4/install/sensor/include/sensor/sensor/msg/rosidl_generator_c__visibility_control.h
[6.096s] -- Installing: /home/cnrlab/Desktop/scx_basic/workload/n1_4/install/sensor/include/sensor/sensor/msg/workload_msg.h
[6.096s] -- Installing: /home/cnrlab/Desktop/scx_basic/workload/n1_4/install/sensor/share/sensor/environment/library_path.sh
[6.096s] -- Installing: /home/cnrlab/Desktop/scx_basic/workload/n1_4/install/sensor/share/sensor/environment/library_path.dsv
[6.096s] -- Installing: /home/cnrlab/Desktop/scx_basic/workload/n1_4/install/sensor/lib/libsensor__rosidl_generator_c.so
[6.096s] -- Set non-toolchain portion of runtime path of "/home/cnrlab/Desktop/scx_basic/workload/n1_4/install/sensor/lib/libsensor__rosidl_generator_c.so" to ""
[6.096s] -- Up-to-date: /home/cnrlab/Desktop/scx_basic/workload/n1_4/install/sensor/include/sensor/sensor
[6.096s] -- Up-to-date: /home/cnrlab/Desktop/scx_basic/workload/n1_4/install/sensor/include/sensor/sensor/msg
[6.096s] -- Up-to-date: /home/cnrlab/Desktop/scx_basic/workload/n1_4/install/sensor/include/sensor/sensor/msg/detail
[6.097s] -- Installing: /home/cnrlab/Desktop/scx_basic/workload/n1_4/install/sensor/include/sensor/sensor/msg/detail/workload_msg__rosidl_typesupport_fastrtps_c.h
[6.097s] -- Installing: /home/cnrlab/Desktop/scx_basic/workload/n1_4/install/sensor/include/sensor/sensor/msg/rosidl_typesupport_fastrtps_c__visibility_control.h
[6.097s] -- Installing: /home/cnrlab/Desktop/scx_basic/workload/n1_4/install/sensor/lib/libsensor__rosidl_typesupport_fastrtps_c.so
[6.097s] -- Set non-toolchain portion of runtime path of "/home/cnrlab/Desktop/scx_basic/workload/n1_4/install/sensor/lib/libsensor__rosidl_typesupport_fastrtps_c.so" to ""
[6.097s] -- Up-to-date: /home/cnrlab/Desktop/scx_basic/workload/n1_4/install/sensor/include/sensor/sensor
[6.097s] -- Up-to-date: /home/cnrlab/Desktop/scx_basic/workload/n1_4/install/sensor/include/sensor/sensor/msg
[6.097s] -- Up-to-date: /home/cnrlab/Desktop/scx_basic/workload/n1_4/install/sensor/include/sensor/sensor/msg/detail
[6.097s] -- Installing: /home/cnrlab/Desktop/scx_basic/workload/n1_4/install/sensor/include/sensor/sensor/msg/detail/workload_msg__type_support.hpp
[6.097s] -- Installing: /home/cnrlab/Desktop/scx_basic/workload/n1_4/install/sensor/include/sensor/sensor/msg/detail/workload_msg__traits.hpp
[6.097s] -- Installing: /home/cnrlab/Desktop/scx_basic/workload/n1_4/install/sensor/include/sensor/sensor/msg/detail/workload_msg__builder.hpp
[6.098s] -- Installing: /home/cnrlab/Desktop/scx_basic/workload/n1_4/install/sensor/include/sensor/sensor/msg/detail/workload_msg__struct.hpp
[6.098s] -- Installing: /home/cnrlab/Desktop/scx_basic/workload/n1_4/install/sensor/include/sensor/sensor/msg/rosidl_generator_cpp__visibility_control.hpp
[6.098s] -- Installing: /home/cnrlab/Desktop/scx_basic/workload/n1_4/install/sensor/include/sensor/sensor/msg/workload_msg.hpp
[6.098s] -- Up-to-date: /home/cnrlab/Desktop/scx_basic/workload/n1_4/install/sensor/include/sensor/sensor
[6.098s] -- Up-to-date: /home/cnrlab/Desktop/scx_basic/workload/n1_4/install/sensor/include/sensor/sensor/msg
[6.098s] -- Up-to-date: /home/cnrlab/Desktop/scx_basic/workload/n1_4/install/sensor/include/sensor/sensor/msg/detail
[6.098s] -- Installing: /home/cnrlab/Desktop/scx_basic/workload/n1_4/install/sensor/include/sensor/sensor/msg/detail/workload_msg__rosidl_typesupport_fastrtps_cpp.hpp
[6.098s] -- Installing: /home/cnrlab/Desktop/scx_basic/workload/n1_4/install/sensor/include/sensor/sensor/msg/detail/dds_fastrtps
[6.098s] -- Installing: /home/cnrlab/Desktop/scx_basic/workload/n1_4/install/sensor/include/sensor/sensor/msg/rosidl_typesupport_fastrtps_cpp__visibility_control.h
[6.098s] -- Installing: /home/cnrlab/Desktop/scx_basic/workload/n1_4/install/sensor/lib/libsensor__rosidl_typesupport_fastrtps_cpp.so
[6.098s] -- Set non-toolchain portion of runtime path of "/home/cnrlab/Desktop/scx_basic/workload/n1_4/install/sensor/lib/libsensor__rosidl_typesupport_fastrtps_cpp.so" to ""
[6.098s] -- Up-to-date: /home/cnrlab/Desktop/scx_basic/workload/n1_4/install/sensor/include/sensor/sensor
[6.098s] -- Up-to-date: /home/cnrlab/Desktop/scx_basic/workload/n1_4/install/sensor/include/sensor/sensor/msg
[6.098s] -- Up-to-date: /home/cnrlab/Desktop/scx_basic/workload/n1_4/install/sensor/include/sensor/sensor/msg/detail
[6.098s] -- Up-to-date: /home/cnrlab/Desktop/scx_basic/workload/n1_4/install/sensor/include/sensor/sensor/msg/detail/workload_msg__type_support.c
[6.098s] -- Installing: /home/cnrlab/Desktop/scx_basic/workload/n1_4/install/sensor/include/sensor/sensor/msg/detail/workload_msg__rosidl_typesupport_introspection_c.h
[6.099s] -- Installing: /home/cnrlab/Desktop/scx_basic/workload/n1_4/install/sensor/include/sensor/sensor/msg/rosidl_typesupport_introspection_c__visibility_control.h
[6.099s] -- Installing: /home/cnrlab/Desktop/scx_basic/workload/n1_4/install/sensor/lib/libsensor__rosidl_typesupport_introspection_c.so
[6.099s] -- Set non-toolchain portion of runtime path of "/home/cnrlab/Desktop/scx_basic/workload/n1_4/install/sensor/lib/libsensor__rosidl_typesupport_introspection_c.so" to ""
[6.099s] -- Installing: /home/cnrlab/Desktop/scx_basic/workload/n1_4/install/sensor/lib/libsensor__rosidl_typesupport_c.so
[6.099s] -- Set non-toolchain portion of runtime path of "/home/cnrlab/Desktop/scx_basic/workload/n1_4/install/sensor/lib/libsensor__rosidl_typesupport_c.so" to ""
[6.099s] -- Up-to-date: /home/cnrlab/Desktop/scx_basic/workload/n1_4/install/sensor/include/sensor/sensor
[6.099s] -- Up-to-date: /home/cnrlab/Desktop/scx_basic/workload/n1_4/install/sensor/include/sensor/sensor/msg
[6.099s] -- Up-to-date: /home/cnrlab/Desktop/scx_basic/workload/n1_4/install/sensor/include/sensor/sensor/msg/detail
[6.099s] -- Installing: /home/cnrlab/Desktop/scx_basic/workload/n1_4/install/sensor/include/sensor/sensor/msg/detail/workload_msg__type_support.cpp
[6.099s] -- Installing: /home/cnrlab/Desktop/scx_basic/workload/n1_4/install/sensor/include/sensor/sensor/msg/detail/workload_msg__rosidl_typesupport_introspection_cpp.hpp
[6.099s] -- Installing: /home/cnrlab/Desktop/scx_basic/workload/n1_4/install/sensor/lib/libsensor__rosidl_typesupport_introspection_cpp.so
[6.099s] -- Set non-toolchain portion of runtime path of "/home/cnrlab/Desktop/scx_basic/workload/n1_4/install/sensor/lib/libsensor__rosidl_typesupport_introspection_cpp.so" to ""
[6.099s] -- Installing: /home/cnrlab/Desktop/scx_basic/workload/n1_4/install/sensor/lib/libsensor__rosidl_typesupport_cpp.so
[6.099s] -- Set non-toolchain portion of runtime path of "/home/cnrlab/Desktop/scx_basic/workload/n1_4/install/sensor/lib/libsensor__rosidl_typesupport_cpp.so" to ""
[6.099s] -- Installing: /home/cnrlab/Desktop/scx_basic/workload/n1_4/install/sensor/share/sensor/environment/pythonpath.sh
[6.099s] -- Installing: /home/cnrlab/Desktop/scx_basic/workload/n1_4/install/sensor/share/sensor/environment/pythonpath.dsv
[6.099s] -- Installing: /home/cnrlab/Desktop/scx_basic/workload/n1_4/install/sensor/lib/python3.12/site-packages/sensor-0.0.0-py3.12.egg-info
[6.099s] -- Installing: /home/cnrlab/Desktop/scx_basic/workload/n1_4/install/sensor/lib/python3.12/site-packages/sensor-0.0.0-py3.12.egg-info/top_level.txt
[6.099s] -- Installing: /home/cnrlab/Desktop/scx_basic/workload/n1_4/install/sensor/lib/python3.12/site-packages/sensor-0.0.0-py3.12.egg-info/SOURCES.txt
[6.099s] -- Installing: /home/cnrlab/Desktop/scx_basic/workload/n1_4/install/sensor/lib/python3.12/site-packages/sensor-0.0.0-py3.12.egg-info/dependency_links.txt
[6.099s] -- Installing: /home/cnrlab/Desktop/scx_basic/workload/n1_4/install/sensor/lib/python3.12/site-packages/sensor-0.0.0-py3.12.egg-info/PKG-INFO
[6.099s] -- Installing: /home/cnrlab/Desktop/scx_basic/workload/n1_4/install/sensor/lib/python3.12/site-packages/sensor
[6.099s] -- Installing: /home/cnrlab/Desktop/scx_basic/workload/n1_4/install/sensor/lib/python3.12/site-packages/sensor/_sensor_s.ep.rosidl_typesupport_c.c
[6.099s] -- Installing: /home/cnrlab/Desktop/scx_basic/workload/n1_4/install/sensor/lib/python3.12/site-packages/sensor/_sensor_s.ep.rosidl_typesupport_fastrtps_c.c
[6.099s] -- Installing: /home/cnrlab/Desktop/scx_basic/workload/n1_4/install/sensor/lib/python3.12/site-packages/sensor/sensor_s__rosidl_typesupport_introspection_c.so
[6.099s] -- Installing: /home/cnrlab/Desktop/scx_basic/workload/n1_4/install/sensor/lib/python3.12/site-packages/sensor/msg
[6.099s] -- Installing: /home/cnrlab/Desktop/scx_basic/workload/n1_4/install/sensor/lib/python3.12/site-packages/sensor/msg/_workload_msg_s.c
[6.099s] -- Installing: /home/cnrlab/Desktop/scx_basic/workload/n1_4/install/sensor/lib/python3.12/site-packages/sensor/msg/_workload_msg.py
[6.099s] -- Installing: /home/cnrlab/Desktop/scx_basic/workload/n1_4/install/sensor/lib/python3.12/site-packages/sensor/msg/__init__.py
[6.099s] -- Installing: /home/cnrlab/Desktop/scx_basic/workload/n1_4/install/sensor/lib/python3.12/site-packages/sensor/sensor_s__rosidl_typesupport_c.so
[6.099s] -- Installing: /home/cnrlab/Desktop/scx_basic/workload/n1_4/install/sensor/lib/python3.12/site-packages/sensor/_sensor_s.ep.rosidl_typesupport_introspection_c.c
[6.099s] -- Installing: /home/cnrlab/Desktop/scx_basic/workload/n1_4/install/sensor/lib/python3.12/site-packages/sensor/sensor_s__rosidl_typesupport_fastrtps_c.so
[6.100s] -- Installing: /home/cnrlab/Desktop/scx_basic/workload/n1_4/install/sensor/lib/python3.12/site-packages/sensor/__init__.py
[6.126s] Listing '/home/cnrlab/Desktop/scx_basic/workload/n1_4/install/sensor/lib/python3.12/site-packages/sensor'...
[6.126s] Compiling '/home/cnrlab/Desktop/scx_basic/workload/n1_4/install/sensor/lib/python3.12/site-packages/sensor/__init__.py'...
[6.126s] Listing '/home/cnrlab/Desktop/scx_basic/workload/n1_4/install/sensor/lib/python3.12/site-packages/sensor/msg'...
[6.126s] Compiling '/home/cnrlab/Desktop/scx_basic/workload/n1_4/install/sensor/lib/python3.12/site-packages/sensor/msg/__init__.py'...
[6.126s] Compiling '/home/cnrlab/Desktop/scx_basic/workload/n1_4/install/sensor/lib/python3.12/site-packages/sensor/msg/_workload_msg.py'...
[6.131s] -- Installing: /home/cnrlab/Desktop/scx_basic/workload/n1_4/install/sensor/lib/python3.12/site-packages/sensor/sensor_s__rosidl_typesupport_fastrtps_c.so
[6.131s] -- Set non-toolchain portion of runtime path of "/home/cnrlab/Desktop/scx_basic/workload/n1_4/install/sensor/lib/python3.12/site-packages/sensor/sensor_s__rosidl_typesupport_fastrtps_c.so" to ""
[6.131s] -- Installing: /home/cnrlab/Desktop/scx_basic/workload/n1_4/install/sensor/lib/python3.12/site-packages/sensor/sensor_s__rosidl_typesupport_introspection_c.so
[6.131s] -- Set non-toolchain portion of runtime path of "/home/cnrlab/Desktop/scx_basic/workload/n1_4/install/sensor/lib/python3.12/site-packages/sensor/sensor_s__rosidl_typesupport_introspection_c.so" to ""
[6.131s] -- Installing: /home/cnrlab/Desktop/scx_basic/workload/n1_4/install/sensor/lib/python3.12/site-packages/sensor/sensor_s__rosidl_typesupport_c.so
[6.131s] -- Set non-toolchain portion of runtime path of "/home/cnrlab/Desktop/scx_basic/workload/n1_4/install/sensor/lib/python3.12/site-packages/sensor/sensor_s__rosidl_typesupport_c.so" to ""
[6.131s] -- Installing: /home/cnrlab/Desktop/scx_basic/workload/n1_4/install/sensor/lib/libsensor__rosidl_generator_py.so
[6.132s] -- Set non-toolchain portion of runtime path of "/home/cnrlab/Desktop/scx_basic/workload/n1_4/install/sensor/lib/libsensor__rosidl_generator_py.so" to ""
[6.132s] -- Installing: /home/cnrlab/Desktop/scx_basic/workload/n1_4/install/sensor/share/sensor/msg/WorkloadMsg.idl
[6.132s] -- Installing: /home/cnrlab/Desktop/scx_basic/workload/n1_4/install/sensor/share/sensor/msg/WorkloadMsg.msg
[6.132s] -- Installing: /home/cnrlab/Desktop/scx_basic/workload/n1_4/install/sensor/lib/sensor/n1
[6.132s] -- Set non-toolchain portion of runtime path of "/home/cnrlab/Desktop/scx_basic/workload/n1_4/install/sensor/lib/sensor/n1" to ""
[6.132s] -- Installing: /home/cnrlab/Desktop/scx_basic/workload/n1_4/install/sensor/share/sensor/config
[6.133s] -- Installing: /home/cnrlab/Desktop/scx_basic/workload/n1_4/install/sensor/share/sensor/config/workload_config.yaml
[6.133s] -- Installing: /home/cnrlab/Desktop/scx_basic/workload/n1_4/install/sensor/share/ament_index/resource_index/package_run_dependencies/sensor
[6.133s] -- Installing: /home/cnrlab/Desktop/scx_basic/workload/n1_4/install/sensor/share/ament_index/resource_index/parent_prefix_path/sensor
[6.133s] -- Installing: /home/cnrlab/Desktop/scx_basic/workload/n1_4/install/sensor/share/sensor/environment/ament_prefix_path.sh
[6.133s] -- Installing: /home/cnrlab/Desktop/scx_basic/workload/n1_4/install/sensor/share/sensor/environment/ament_prefix_path.dsv
[6.133s] -- Installing: /home/cnrlab/Desktop/scx_basic/workload/n1_4/install/sensor/share/sensor/environment/path.sh
[6.133s] -- Installing: /home/cnrlab/Desktop/scx_basic/workload/n1_4/install/sensor/share/sensor/environment/path.dsv
[6.133s] -- Installing: /home/cnrlab/Desktop/scx_basic/workload/n1_4/install/sensor/share/sensor/local_setup.bash
[6.133s] -- Installing: /home/cnrlab/Desktop/scx_basic/workload/n1_4/install/sensor/share/sensor/local_setup.sh
[6.133s] -- Installing: /home/cnrlab/Desktop/scx_basic/workload/n1_4/install/sensor/share/sensor/local_setup.zsh
[6.133s] -- Installing: /home/cnrlab/Desktop/scx_basic/workload/n1_4/install/sensor/share/sensor/local_setup.dsv
[6.133s] -- Installing: /home/cnrlab/Desktop/scx_basic/workload/n1_4/install/sensor/share/sensor/package.dsv
[6.133s] -- Installing: /home/cnrlab/Desktop/scx_basic/workload/n1_4/install/sensor/share/ament_index/resource_index/packages/sensor
[6.133s] -- Installing: /home/cnrlab/Desktop/scx_basic/workload/n1_4/install/sensor/share/sensor/cmake/export_sensor__rosidl_generator_cExport.cmake
[6.133s] -- Installing: /home/cnrlab/Desktop/scx_basic/workload/n1_4/install/sensor/share/sensor/cmake/export_sensor__rosidl_generator_cExport-noconfig.cmake
[6.133s] -- Installing: /home/cnrlab/Desktop/scx_basic/workload/n1_4/install/sensor/share/sensor/cmake/export_sensor__rosidl_typesupport_fastrtps_cExport.cmake
[6.133s] -- Installing: /home/cnrlab/Desktop/scx_basic/workload/n1_4/install/sensor/share/sensor/cmake/export_sensor__rosidl_typesupport_fastrtps_cExport-noconfig.cmake
[6.133s] -- Installing: /home/cnrlab/Desktop/scx_basic/workload/n1_4/install/sensor/share/sensor/cmake/export_sensor__rosidl_generator_cppExport.cmake
[6.134s] -- Installing: /home/cnrlab/Desktop/scx_basic/workload/n1_4/install/sensor/share/sensor/cmake/export_sensor__rosidl_typesupport_fastrtps_cppExport.cmake
[6.134s] -- Installing: /home/cnrlab/Desktop/scx_basic/workload/n1_4/install/sensor/share/sensor/cmake/export_sensor__rosidl_typesupport_fastrtps_cppExport-noconfig.cmake
[6.134s] -- Installing: /home/cnrlab/Desktop/scx_basic/workload/n1_4/install/sensor/share/sensor/cmake/sensor__rosidl_typesupport_introspection_cExport.cmake
[6.134s] -- Installing: /home/cnrlab/Desktop/scx_basic/workload/n1_4/install/sensor/share/sensor/cmake/sensor__rosidl_typesupport_introspection_cExport-noconfig.cmake
[6.134s] -- Installing: /home/cnrlab/Desktop/scx_basic/workload/n1_4/install/sensor/share/sensor/cmake/sensor__rosidl_typesupport_cExport.cmake
[6.134s] -- Installing: /home/cnrlab/Desktop/scx_basic/workload/n1_4/install/sensor/share/sensor/cmake/sensor__rosidl_typesupport_cExport-noconfig.cmake
[6.134s] -- Installing: /home/cnrlab/Desktop/scx_basic/workload/n1_4/install/sensor/share/sensor/cmake/sensor__rosidl_typesupport_introspection_cppExport.cmake
[6.134s] -- Installing: /home/cnrlab/Desktop/scx_basic/workload/n1_4/install/sensor/share/sensor/cmake/sensor__rosidl_typesupport_introspection_cppExport-noconfig.cmake
[6.134s] -- Installing: /home/cnrlab/Desktop/scx_basic/workload/n1_4/install/sensor/share/sensor/cmake/sensor__rosidl_typesupport_cppExport.cmake
[6.134s] -- Installing: /home/cnrlab/Desktop/scx_basic/workload/n1_4/install/sensor/share/sensor/cmake/sensor__rosidl_typesupport_cppExport-noconfig.cmake
[6.134s] -- Installing: /home/cnrlab/Desktop/scx_basic/workload/n1_4/install/sensor/share/sensor/cmake/export_sensor__rosidl_generator_pyExport.cmake
[6.134s] -- Installing: /home/cnrlab/Desktop/scx_basic/workload/n1_4/install/sensor/share/sensor/cmake/export_sensor__rosidl_generator_pyExport-noconfig.cmake
[6.134s] -- Installing: /home/cnrlab/Desktop/scx_basic/workload/n1_4/install/sensor/share/sensor/cmake/rosidl_cmake-extras.cmake
[6.134s] -- Installing: /home/cnrlab/Desktop/scx_basic/workload/n1_4/install/sensor/share/sensor/cmake/ament_cmake_export_include_directories-extras.cmake
[6.134s] -- Installing: /home/cnrlab/Desktop/scx_basic/workload/n1_4/install/sensor/share/sensor/cmake/ament_cmake_export_libraries-extras.cmake
[6.134s] -- Installing: /home/cnrlab/Desktop/scx_basic/workload/n1_4/install/sensor/share/sensor/cmake/ament_cmake_export_targets-extras.cmake
[6.134s] -- Installing: /home/cnrlab/Desktop/scx_basic/workload/n1_4/install/sensor/share/sensor/cmake/rosidl_cmake_export_typesupport_targets-extras.cmake
[6.134s] -- Installing: /home/cnrlab/Desktop/scx_basic/workload/n1_4/install/sensor/share/sensor/cmake/ament_cmake_export_dependencies-extras.cmake
[6.134s] -- Installing: /home/cnrlab/Desktop/scx_basic/workload/n1_4/install/sensor/share/sensor/cmake/rosidl_cmake_export_typesupport_libraries-extras.cmake
[6.134s] -- Installing: /home/cnrlab/Desktop/scx_basic/workload/n1_4/install/sensor/share/sensor/cmake/sensorConfig.cmake
[6.135s] -- Installing: /home/cnrlab/Desktop/scx_basic/workload/n1_4/install/sensor/share/sensor/cmake/sensorConfig-version.cmake
[6.135s] -- Installing: /home/cnrlab/Desktop/scx_basic/workload/n1_4/install/sensor/share/sensor/package.xml
[6.136s] Invoked command in '/home/cnrlab/Desktop/scx_basic/workload/n1_4/build/sensor' returned '0': CMAKE_PREFIX_PATH=${CMAKE_PREFIX_PATH}:/opt/ros/jazzy DEBUGINFOD_URLS=https://debuginfod.ubuntu.com /usr/bin/cmake --install /home/cnrlab/Desktop/scx_basic/workload/n1_4/build/sensor
