[0.058s] DEBUG:colcon:Command line arguments: ['/usr/bin/colcon', 'build']
[0.058s] DEBUG:colcon:Parsed command line arguments: Namespace(log_base=None, log_level=None, verb_name='build', build_base='build', install_base='install', merge_install=False, symlink_install=False, test_result_base=None, continue_on_error=False, executor='parallel', parallel_workers=20, event_handlers=None, ignore_user_meta=False, metas=['./colcon.meta'], base_paths=['.'], packages_ignore=None, packages_ignore_regex=None, paths=None, packages_up_to=None, packages_up_to_regex=None, packages_above=None, packages_above_and_dependencies=None, packages_above_depth=None, packages_select_by_dep=None, packages_skip_by_dep=None, packages_skip_up_to=None, packages_select_build_failed=False, packages_skip_build_finished=False, packages_select_test_failures=False, packages_skip_test_passed=False, packages_select=None, packages_skip=None, packages_select_regex=None, packages_skip_regex=None, packages_start=None, packages_end=None, cmake_args=None, cmake_target=None, cmake_target_skip_unavailable=False, cmake_clean_cache=False, cmake_clean_first=False, cmake_force_configure=False, ament_cmake_args=None, catkin_cmake_args=None, catkin_skip_building_tests=False, verb_parser=<colcon_defaults.argument_parser.defaults.DefaultArgumentsDecorator object at 0x7eb0937ebbf0>, verb_extension=<colcon_core.verb.build.BuildVerb object at 0x7eb093738170>, main=<bound method BuildVerb.main of <colcon_core.verb.build.BuildVerb object at 0x7eb093738170>>)
[0.082s] Level 1:colcon.colcon_core.package_discovery:discover_packages(colcon_meta) check parameters
[0.082s] Level 1:colcon.colcon_core.package_discovery:discover_packages(recursive) check parameters
[0.082s] Level 1:colcon.colcon_core.package_discovery:discover_packages(ignore) check parameters
[0.082s] Level 1:colcon.colcon_core.package_discovery:discover_packages(path) check parameters
[0.082s] Level 1:colcon.colcon_core.package_discovery:discover_packages(colcon_meta) discover
[0.082s] Level 1:colcon.colcon_core.package_discovery:discover_packages(recursive) discover
[0.082s] INFO:colcon.colcon_core.package_discovery:Crawling recursively for packages in '/home/cnrlab/Desktop/scx_basic/workload/n1_4'
[0.082s] Level 1:colcon.colcon_core.package_identification:_identify(.) by extensions ['ignore', 'ignore_ament_install']
[0.082s] Level 1:colcon.colcon_core.package_identification:_identify(.) by extension 'ignore'
[0.082s] Level 1:colcon.colcon_core.package_identification:_identify(.) by extension 'ignore_ament_install'
[0.082s] Level 1:colcon.colcon_core.package_identification:_identify(.) by extensions ['colcon_pkg']
[0.082s] Level 1:colcon.colcon_core.package_identification:_identify(.) by extension 'colcon_pkg'
[0.082s] Level 1:colcon.colcon_core.package_identification:_identify(.) by extensions ['colcon_meta']
[0.082s] Level 1:colcon.colcon_core.package_identification:_identify(.) by extension 'colcon_meta'
[0.082s] Level 1:colcon.colcon_core.package_identification:_identify(.) by extensions ['ros']
[0.082s] Level 1:colcon.colcon_core.package_identification:_identify(.) by extension 'ros'
[0.098s] Level 1:colcon.colcon_core.package_identification:_identify(.) by extensions ['cmake', 'python']
[0.098s] Level 1:colcon.colcon_core.package_identification:_identify(.) by extension 'cmake'
[0.098s] Level 1:colcon.colcon_core.package_identification:_identify(.) by extension 'python'
[0.098s] Level 1:colcon.colcon_core.package_identification:_identify(.) by extensions ['python_setup_py']
[0.098s] Level 1:colcon.colcon_core.package_identification:_identify(.) by extension 'python_setup_py'
[0.098s] Level 1:colcon.colcon_core.package_identification:_identify(build) by extensions ['ignore', 'ignore_ament_install']
[0.098s] Level 1:colcon.colcon_core.package_identification:_identify(build) by extension 'ignore'
[0.098s] Level 1:colcon.colcon_core.package_identification:_identify(build) ignored
[0.098s] Level 1:colcon.colcon_core.package_identification:_identify(install) by extensions ['ignore', 'ignore_ament_install']
[0.098s] Level 1:colcon.colcon_core.package_identification:_identify(install) by extension 'ignore'
[0.098s] Level 1:colcon.colcon_core.package_identification:_identify(install) ignored
[0.098s] Level 1:colcon.colcon_core.package_identification:_identify(log) by extensions ['ignore', 'ignore_ament_install']
[0.099s] Level 1:colcon.colcon_core.package_identification:_identify(log) by extension 'ignore'
[0.099s] Level 1:colcon.colcon_core.package_identification:_identify(log) ignored
[0.099s] Level 1:colcon.colcon_core.package_identification:_identify(src) by extensions ['ignore', 'ignore_ament_install']
[0.099s] Level 1:colcon.colcon_core.package_identification:_identify(src) by extension 'ignore'
[0.099s] Level 1:colcon.colcon_core.package_identification:_identify(src) by extension 'ignore_ament_install'
[0.099s] Level 1:colcon.colcon_core.package_identification:_identify(src) by extensions ['colcon_pkg']
[0.099s] Level 1:colcon.colcon_core.package_identification:_identify(src) by extension 'colcon_pkg'
[0.099s] Level 1:colcon.colcon_core.package_identification:_identify(src) by extensions ['colcon_meta']
[0.099s] Level 1:colcon.colcon_core.package_identification:_identify(src) by extension 'colcon_meta'
[0.099s] Level 1:colcon.colcon_core.package_identification:_identify(src) by extensions ['ros']
[0.099s] Level 1:colcon.colcon_core.package_identification:_identify(src) by extension 'ros'
[0.099s] Level 1:colcon.colcon_core.package_identification:_identify(src) by extensions ['cmake', 'python']
[0.099s] Level 1:colcon.colcon_core.package_identification:_identify(src) by extension 'cmake'
[0.099s] Level 1:colcon.colcon_core.package_identification:_identify(src) by extension 'python'
[0.099s] Level 1:colcon.colcon_core.package_identification:_identify(src) by extensions ['python_setup_py']
[0.099s] Level 1:colcon.colcon_core.package_identification:_identify(src) by extension 'python_setup_py'
[0.099s] Level 1:colcon.colcon_core.package_identification:_identify(src/fanout) by extensions ['ignore', 'ignore_ament_install']
[0.099s] Level 1:colcon.colcon_core.package_identification:_identify(src/fanout) by extension 'ignore'
[0.099s] Level 1:colcon.colcon_core.package_identification:_identify(src/fanout) by extension 'ignore_ament_install'
[0.099s] Level 1:colcon.colcon_core.package_identification:_identify(src/fanout) by extensions ['colcon_pkg']
[0.099s] Level 1:colcon.colcon_core.package_identification:_identify(src/fanout) by extension 'colcon_pkg'
[0.099s] Level 1:colcon.colcon_core.package_identification:_identify(src/fanout) by extensions ['colcon_meta']
[0.099s] Level 1:colcon.colcon_core.package_identification:_identify(src/fanout) by extension 'colcon_meta'
[0.099s] Level 1:colcon.colcon_core.package_identification:_identify(src/fanout) by extensions ['ros']
[0.099s] Level 1:colcon.colcon_core.package_identification:_identify(src/fanout) by extension 'ros'
[0.101s] DEBUG:colcon.colcon_core.package_identification:Package 'src/fanout' with type 'ros.ament_cmake' and name 'fanout'
[0.101s] Level 1:colcon.colcon_core.package_identification:_identify(src/planner) by extensions ['ignore', 'ignore_ament_install']
[0.101s] Level 1:colcon.colcon_core.package_identification:_identify(src/planner) by extension 'ignore'
[0.101s] Level 1:colcon.colcon_core.package_identification:_identify(src/planner) by extension 'ignore_ament_install'
[0.101s] Level 1:colcon.colcon_core.package_identification:_identify(src/planner) by extensions ['colcon_pkg']
[0.101s] Level 1:colcon.colcon_core.package_identification:_identify(src/planner) by extension 'colcon_pkg'
[0.101s] Level 1:colcon.colcon_core.package_identification:_identify(src/planner) by extensions ['colcon_meta']
[0.101s] Level 1:colcon.colcon_core.package_identification:_identify(src/planner) by extension 'colcon_meta'
[0.101s] Level 1:colcon.colcon_core.package_identification:_identify(src/planner) by extensions ['ros']
[0.101s] Level 1:colcon.colcon_core.package_identification:_identify(src/planner) by extension 'ros'
[0.101s] DEBUG:colcon.colcon_core.package_identification:Package 'src/planner' with type 'ros.ament_cmake' and name 'planner'
[0.101s] Level 1:colcon.colcon_core.package_identification:_identify(src/process) by extensions ['ignore', 'ignore_ament_install']
[0.101s] Level 1:colcon.colcon_core.package_identification:_identify(src/process) by extension 'ignore'
[0.101s] Level 1:colcon.colcon_core.package_identification:_identify(src/process) by extension 'ignore_ament_install'
[0.101s] Level 1:colcon.colcon_core.package_identification:_identify(src/process) by extensions ['colcon_pkg']
[0.101s] Level 1:colcon.colcon_core.package_identification:_identify(src/process) by extension 'colcon_pkg'
[0.101s] Level 1:colcon.colcon_core.package_identification:_identify(src/process) by extensions ['colcon_meta']
[0.101s] Level 1:colcon.colcon_core.package_identification:_identify(src/process) by extension 'colcon_meta'
[0.101s] Level 1:colcon.colcon_core.package_identification:_identify(src/process) by extensions ['ros']
[0.102s] Level 1:colcon.colcon_core.package_identification:_identify(src/process) by extension 'ros'
[0.102s] DEBUG:colcon.colcon_core.package_identification:Package 'src/process' with type 'ros.ament_cmake' and name 'process'
[0.102s] Level 1:colcon.colcon_core.package_identification:_identify(src/sensor) by extensions ['ignore', 'ignore_ament_install']
[0.102s] Level 1:colcon.colcon_core.package_identification:_identify(src/sensor) by extension 'ignore'
[0.102s] Level 1:colcon.colcon_core.package_identification:_identify(src/sensor) by extension 'ignore_ament_install'
[0.102s] Level 1:colcon.colcon_core.package_identification:_identify(src/sensor) by extensions ['colcon_pkg']
[0.102s] Level 1:colcon.colcon_core.package_identification:_identify(src/sensor) by extension 'colcon_pkg'
[0.102s] Level 1:colcon.colcon_core.package_identification:_identify(src/sensor) by extensions ['colcon_meta']
[0.102s] Level 1:colcon.colcon_core.package_identification:_identify(src/sensor) by extension 'colcon_meta'
[0.102s] Level 1:colcon.colcon_core.package_identification:_identify(src/sensor) by extensions ['ros']
[0.102s] Level 1:colcon.colcon_core.package_identification:_identify(src/sensor) by extension 'ros'
[0.102s] DEBUG:colcon.colcon_core.package_identification:Package 'src/sensor' with type 'ros.ament_cmake' and name 'sensor'
[0.102s] Level 1:colcon.colcon_core.package_identification:_identify(src/sink) by extensions ['ignore', 'ignore_ament_install']
[0.103s] Level 1:colcon.colcon_core.package_identification:_identify(src/sink) by extension 'ignore'
[0.103s] Level 1:colcon.colcon_core.package_identification:_identify(src/sink) by extension 'ignore_ament_install'
[0.103s] Level 1:colcon.colcon_core.package_identification:_identify(src/sink) by extensions ['colcon_pkg']
[0.103s] Level 1:colcon.colcon_core.package_identification:_identify(src/sink) by extension 'colcon_pkg'
[0.103s] Level 1:colcon.colcon_core.package_identification:_identify(src/sink) by extensions ['colcon_meta']
[0.103s] Level 1:colcon.colcon_core.package_identification:_identify(src/sink) by extension 'colcon_meta'
[0.103s] Level 1:colcon.colcon_core.package_identification:_identify(src/sink) by extensions ['ros']
[0.103s] Level 1:colcon.colcon_core.package_identification:_identify(src/sink) by extension 'ros'
[0.103s] DEBUG:colcon.colcon_core.package_identification:Package 'src/sink' with type 'ros.ament_cmake' and name 'sink'
[0.103s] Level 1:colcon.colcon_core.package_discovery:discover_packages(recursive) using defaults
[0.103s] Level 1:colcon.colcon_core.package_discovery:discover_packages(ignore) discover
[0.103s] Level 1:colcon.colcon_core.package_discovery:discover_packages(ignore) using defaults
[0.103s] Level 1:colcon.colcon_core.package_discovery:discover_packages(path) discover
[0.104s] Level 1:colcon.colcon_core.package_discovery:discover_packages(path) using defaults
[0.115s] Level 5:colcon.colcon_core.verb:set package 'sensor' build argument 'cmake_args' from command line to 'None'
[0.115s] Level 5:colcon.colcon_core.verb:set package 'sensor' build argument 'cmake_target' from command line to 'None'
[0.115s] Level 5:colcon.colcon_core.verb:set package 'sensor' build argument 'cmake_target_skip_unavailable' from command line to 'False'
[0.115s] Level 5:colcon.colcon_core.verb:set package 'sensor' build argument 'cmake_clean_cache' from command line to 'False'
[0.115s] Level 5:colcon.colcon_core.verb:set package 'sensor' build argument 'cmake_clean_first' from command line to 'False'
[0.115s] Level 5:colcon.colcon_core.verb:set package 'sensor' build argument 'cmake_force_configure' from command line to 'False'
[0.115s] Level 5:colcon.colcon_core.verb:set package 'sensor' build argument 'ament_cmake_args' from command line to 'None'
[0.115s] Level 5:colcon.colcon_core.verb:set package 'sensor' build argument 'catkin_cmake_args' from command line to 'None'
[0.115s] Level 5:colcon.colcon_core.verb:set package 'sensor' build argument 'catkin_skip_building_tests' from command line to 'False'
[0.115s] DEBUG:colcon.colcon_core.verb:Building package 'sensor' with the following arguments: {'ament_cmake_args': None, 'build_base': '/home/cnrlab/Desktop/scx_basic/workload/n1_4/build/sensor', 'catkin_cmake_args': None, 'catkin_skip_building_tests': False, 'cmake_args': None, 'cmake_clean_cache': False, 'cmake_clean_first': False, 'cmake_force_configure': False, 'cmake_target': None, 'cmake_target_skip_unavailable': False, 'install_base': '/home/cnrlab/Desktop/scx_basic/workload/n1_4/install/sensor', 'merge_install': False, 'path': '/home/cnrlab/Desktop/scx_basic/workload/n1_4/src/sensor', 'symlink_install': False, 'test_result_base': None}
[0.115s] Level 5:colcon.colcon_core.verb:set package 'fanout' build argument 'cmake_args' from command line to 'None'
[0.115s] Level 5:colcon.colcon_core.verb:set package 'fanout' build argument 'cmake_target' from command line to 'None'
[0.115s] Level 5:colcon.colcon_core.verb:set package 'fanout' build argument 'cmake_target_skip_unavailable' from command line to 'False'
[0.115s] Level 5:colcon.colcon_core.verb:set package 'fanout' build argument 'cmake_clean_cache' from command line to 'False'
[0.115s] Level 5:colcon.colcon_core.verb:set package 'fanout' build argument 'cmake_clean_first' from command line to 'False'
[0.115s] Level 5:colcon.colcon_core.verb:set package 'fanout' build argument 'cmake_force_configure' from command line to 'False'
[0.115s] Level 5:colcon.colcon_core.verb:set package 'fanout' build argument 'ament_cmake_args' from command line to 'None'
[0.115s] Level 5:colcon.colcon_core.verb:set package 'fanout' build argument 'catkin_cmake_args' from command line to 'None'
[0.115s] Level 5:colcon.colcon_core.verb:set package 'fanout' build argument 'catkin_skip_building_tests' from command line to 'False'
[0.115s] DEBUG:colcon.colcon_core.verb:Building package 'fanout' with the following arguments: {'ament_cmake_args': None, 'build_base': '/home/cnrlab/Desktop/scx_basic/workload/n1_4/build/fanout', 'catkin_cmake_args': None, 'catkin_skip_building_tests': False, 'cmake_args': None, 'cmake_clean_cache': False, 'cmake_clean_first': False, 'cmake_force_configure': False, 'cmake_target': None, 'cmake_target_skip_unavailable': False, 'install_base': '/home/cnrlab/Desktop/scx_basic/workload/n1_4/install/fanout', 'merge_install': False, 'path': '/home/cnrlab/Desktop/scx_basic/workload/n1_4/src/fanout', 'symlink_install': False, 'test_result_base': None}
[0.115s] Level 5:colcon.colcon_core.verb:set package 'planner' build argument 'cmake_args' from command line to 'None'
[0.115s] Level 5:colcon.colcon_core.verb:set package 'planner' build argument 'cmake_target' from command line to 'None'
[0.115s] Level 5:colcon.colcon_core.verb:set package 'planner' build argument 'cmake_target_skip_unavailable' from command line to 'False'
[0.115s] Level 5:colcon.colcon_core.verb:set package 'planner' build argument 'cmake_clean_cache' from command line to 'False'
[0.115s] Level 5:colcon.colcon_core.verb:set package 'planner' build argument 'cmake_clean_first' from command line to 'False'
[0.115s] Level 5:colcon.colcon_core.verb:set package 'planner' build argument 'cmake_force_configure' from command line to 'False'
[0.115s] Level 5:colcon.colcon_core.verb:set package 'planner' build argument 'ament_cmake_args' from command line to 'None'
[0.115s] Level 5:colcon.colcon_core.verb:set package 'planner' build argument 'catkin_cmake_args' from command line to 'None'
[0.116s] Level 5:colcon.colcon_core.verb:set package 'planner' build argument 'catkin_skip_building_tests' from command line to 'False'
[0.116s] DEBUG:colcon.colcon_core.verb:Building package 'planner' with the following arguments: {'ament_cmake_args': None, 'build_base': '/home/cnrlab/Desktop/scx_basic/workload/n1_4/build/planner', 'catkin_cmake_args': None, 'catkin_skip_building_tests': False, 'cmake_args': None, 'cmake_clean_cache': False, 'cmake_clean_first': False, 'cmake_force_configure': False, 'cmake_target': None, 'cmake_target_skip_unavailable': False, 'install_base': '/home/cnrlab/Desktop/scx_basic/workload/n1_4/install/planner', 'merge_install': False, 'path': '/home/cnrlab/Desktop/scx_basic/workload/n1_4/src/planner', 'symlink_install': False, 'test_result_base': None}
[0.116s] Level 5:colcon.colcon_core.verb:set package 'process' build argument 'cmake_args' from command line to 'None'
[0.116s] Level 5:colcon.colcon_core.verb:set package 'process' build argument 'cmake_target' from command line to 'None'
[0.116s] Level 5:colcon.colcon_core.verb:set package 'process' build argument 'cmake_target_skip_unavailable' from command line to 'False'
[0.116s] Level 5:colcon.colcon_core.verb:set package 'process' build argument 'cmake_clean_cache' from command line to 'False'
[0.116s] Level 5:colcon.colcon_core.verb:set package 'process' build argument 'cmake_clean_first' from command line to 'False'
[0.116s] Level 5:colcon.colcon_core.verb:set package 'process' build argument 'cmake_force_configure' from command line to 'False'
[0.116s] Level 5:colcon.colcon_core.verb:set package 'process' build argument 'ament_cmake_args' from command line to 'None'
[0.116s] Level 5:colcon.colcon_core.verb:set package 'process' build argument 'catkin_cmake_args' from command line to 'None'
[0.116s] Level 5:colcon.colcon_core.verb:set package 'process' build argument 'catkin_skip_building_tests' from command line to 'False'
[0.116s] DEBUG:colcon.colcon_core.verb:Building package 'process' with the following arguments: {'ament_cmake_args': None, 'build_base': '/home/cnrlab/Desktop/scx_basic/workload/n1_4/build/process', 'catkin_cmake_args': None, 'catkin_skip_building_tests': False, 'cmake_args': None, 'cmake_clean_cache': False, 'cmake_clean_first': False, 'cmake_force_configure': False, 'cmake_target': None, 'cmake_target_skip_unavailable': False, 'install_base': '/home/cnrlab/Desktop/scx_basic/workload/n1_4/install/process', 'merge_install': False, 'path': '/home/cnrlab/Desktop/scx_basic/workload/n1_4/src/process', 'symlink_install': False, 'test_result_base': None}
[0.116s] Level 5:colcon.colcon_core.verb:set package 'sink' build argument 'cmake_args' from command line to 'None'
[0.116s] Level 5:colcon.colcon_core.verb:set package 'sink' build argument 'cmake_target' from command line to 'None'
[0.116s] Level 5:colcon.colcon_core.verb:set package 'sink' build argument 'cmake_target_skip_unavailable' from command line to 'False'
[0.116s] Level 5:colcon.colcon_core.verb:set package 'sink' build argument 'cmake_clean_cache' from command line to 'False'
[0.116s] Level 5:colcon.colcon_core.verb:set package 'sink' build argument 'cmake_clean_first' from command line to 'False'
[0.116s] Level 5:colcon.colcon_core.verb:set package 'sink' build argument 'cmake_force_configure' from command line to 'False'
[0.116s] Level 5:colcon.colcon_core.verb:set package 'sink' build argument 'ament_cmake_args' from command line to 'None'
[0.116s] Level 5:colcon.colcon_core.verb:set package 'sink' build argument 'catkin_cmake_args' from command line to 'None'
[0.116s] Level 5:colcon.colcon_core.verb:set package 'sink' build argument 'catkin_skip_building_tests' from command line to 'False'
[0.116s] DEBUG:colcon.colcon_core.verb:Building package 'sink' with the following arguments: {'ament_cmake_args': None, 'build_base': '/home/cnrlab/Desktop/scx_basic/workload/n1_4/build/sink', 'catkin_cmake_args': None, 'catkin_skip_building_tests': False, 'cmake_args': None, 'cmake_clean_cache': False, 'cmake_clean_first': False, 'cmake_force_configure': False, 'cmake_target': None, 'cmake_target_skip_unavailable': False, 'install_base': '/home/cnrlab/Desktop/scx_basic/workload/n1_4/install/sink', 'merge_install': False, 'path': '/home/cnrlab/Desktop/scx_basic/workload/n1_4/src/sink', 'symlink_install': False, 'test_result_base': None}
[0.116s] INFO:colcon.colcon_core.executor:Executing jobs using 'parallel' executor
[0.117s] DEBUG:colcon.colcon_parallel_executor.executor.parallel:run_until_complete
[0.117s] INFO:colcon.colcon_ros.task.ament_cmake.build:Building ROS package in '/home/cnrlab/Desktop/scx_basic/workload/n1_4/src/sensor' with build type 'ament_cmake'
[0.117s] INFO:colcon.colcon_cmake.task.cmake.build:Building CMake package in '/home/cnrlab/Desktop/scx_basic/workload/n1_4/src/sensor'
[0.118s] INFO:colcon.colcon_core.plugin_system:Skipping extension 'colcon_core.shell.bat': Not used on non-Windows systems
[0.118s] DEBUG:colcon.colcon_core.shell:Skip shell extension 'dsv' for command environment
[0.124s] DEBUG:colcon.colcon_core.event_handler.log_command:Invoking command in '/home/cnrlab/Desktop/scx_basic/workload/n1_4/build/sensor': CMAKE_PREFIX_PATH=${CMAKE_PREFIX_PATH}:/opt/ros/jazzy DEBUGINFOD_URLS=https://debuginfod.ubuntu.com /usr/bin/cmake /home/cnrlab/Desktop/scx_basic/workload/n1_4/src/sensor -DCMAKE_INSTALL_PREFIX=/home/cnrlab/Desktop/scx_basic/workload/n1_4/install/sensor
[2.479s] DEBUG:colcon.colcon_core.event_handler.log_command:Invoked command in '/home/cnrlab/Desktop/scx_basic/workload/n1_4/build/sensor' returned '0': CMAKE_PREFIX_PATH=${CMAKE_PREFIX_PATH}:/opt/ros/jazzy DEBUGINFOD_URLS=https://debuginfod.ubuntu.com /usr/bin/cmake /home/cnrlab/Desktop/scx_basic/workload/n1_4/src/sensor -DCMAKE_INSTALL_PREFIX=/home/cnrlab/Desktop/scx_basic/workload/n1_4/install/sensor
[2.480s] DEBUG:colcon.colcon_core.event_handler.log_command:Invoking command in '/home/cnrlab/Desktop/scx_basic/workload/n1_4/build/sensor': CMAKE_PREFIX_PATH=${CMAKE_PREFIX_PATH}:/opt/ros/jazzy DEBUGINFOD_URLS=https://debuginfod.ubuntu.com /usr/bin/cmake --build /home/cnrlab/Desktop/scx_basic/workload/n1_4/build/sensor -- -j20 -l20
[6.199s] DEBUG:colcon.colcon_core.event_handler.log_command:Invoked command in '/home/cnrlab/Desktop/scx_basic/workload/n1_4/build/sensor' returned '0': CMAKE_PREFIX_PATH=${CMAKE_PREFIX_PATH}:/opt/ros/jazzy DEBUGINFOD_URLS=https://debuginfod.ubuntu.com /usr/bin/cmake --build /home/cnrlab/Desktop/scx_basic/workload/n1_4/build/sensor -- -j20 -l20
[6.206s] DEBUG:colcon.colcon_core.event_handler.log_command:Invoking command in '/home/cnrlab/Desktop/scx_basic/workload/n1_4/build/sensor': CMAKE_PREFIX_PATH=${CMAKE_PREFIX_PATH}:/opt/ros/jazzy DEBUGINFOD_URLS=https://debuginfod.ubuntu.com /usr/bin/cmake --install /home/cnrlab/Desktop/scx_basic/workload/n1_4/build/sensor
[6.253s] Level 1:colcon.colcon_core.environment:create_environment_scripts_only(sensor)
[6.254s] DEBUG:colcon.colcon_core.event_handler.log_command:Invoked command in '/home/cnrlab/Desktop/scx_basic/workload/n1_4/build/sensor' returned '0': CMAKE_PREFIX_PATH=${CMAKE_PREFIX_PATH}:/opt/ros/jazzy DEBUGINFOD_URLS=https://debuginfod.ubuntu.com /usr/bin/cmake --install /home/cnrlab/Desktop/scx_basic/workload/n1_4/build/sensor
[6.256s] Level 1:colcon.colcon_core.environment:checking '/home/cnrlab/Desktop/scx_basic/workload/n1_4/install/sensor' for CMake module files
[6.256s] Level 1:colcon.colcon_core.environment:checking '/home/cnrlab/Desktop/scx_basic/workload/n1_4/install/sensor' for CMake config files
[6.257s] Level 1:colcon.colcon_core.shell:create_environment_hook('sensor', 'cmake_prefix_path')
[6.257s] INFO:colcon.colcon_core.shell:Creating environment descriptor '/home/cnrlab/Desktop/scx_basic/workload/n1_4/install/sensor/share/sensor/hook/cmake_prefix_path.dsv'
[6.257s] INFO:colcon.colcon_core.shell:Creating environment hook '/home/cnrlab/Desktop/scx_basic/workload/n1_4/install/sensor/share/sensor/hook/cmake_prefix_path.sh'
[6.258s] Level 1:colcon.colcon_core.environment:checking '/home/cnrlab/Desktop/scx_basic/workload/n1_4/install/sensor/lib'
[6.258s] Level 1:colcon.colcon_core.shell:create_environment_hook('sensor', 'ld_library_path_lib')
[6.258s] INFO:colcon.colcon_core.shell:Creating environment descriptor '/home/cnrlab/Desktop/scx_basic/workload/n1_4/install/sensor/share/sensor/hook/ld_library_path_lib.dsv'
[6.258s] INFO:colcon.colcon_core.shell:Creating environment hook '/home/cnrlab/Desktop/scx_basic/workload/n1_4/install/sensor/share/sensor/hook/ld_library_path_lib.sh'
[6.259s] Level 1:colcon.colcon_core.environment:checking '/home/cnrlab/Desktop/scx_basic/workload/n1_4/install/sensor/bin'
[6.259s] Level 1:colcon.colcon_core.environment:checking '/home/cnrlab/Desktop/scx_basic/workload/n1_4/install/sensor/lib/pkgconfig/sensor.pc'
[6.260s] Level 1:colcon.colcon_core.environment:checking '/home/cnrlab/Desktop/scx_basic/workload/n1_4/install/sensor/lib/python3.12/site-packages'
[6.260s] Level 1:colcon.colcon_core.shell:create_environment_hook('sensor', 'pythonpath')
[6.260s] INFO:colcon.colcon_core.shell:Creating environment descriptor '/home/cnrlab/Desktop/scx_basic/workload/n1_4/install/sensor/share/sensor/hook/pythonpath.dsv'
[6.260s] INFO:colcon.colcon_core.shell:Creating environment hook '/home/cnrlab/Desktop/scx_basic/workload/n1_4/install/sensor/share/sensor/hook/pythonpath.sh'
[6.261s] Level 1:colcon.colcon_core.environment:checking '/home/cnrlab/Desktop/scx_basic/workload/n1_4/install/sensor/bin'
[6.261s] INFO:colcon.colcon_core.shell:Creating package descriptor '/home/cnrlab/Desktop/scx_basic/workload/n1_4/install/sensor/share/sensor/package.dsv'
[6.261s] INFO:colcon.colcon_core.shell:Creating package script '/home/cnrlab/Desktop/scx_basic/workload/n1_4/install/sensor/share/sensor/package.sh'
[6.262s] INFO:colcon.colcon_core.shell:Creating package script '/home/cnrlab/Desktop/scx_basic/workload/n1_4/install/sensor/share/sensor/package.bash'
[6.262s] INFO:colcon.colcon_core.shell:Creating package script '/home/cnrlab/Desktop/scx_basic/workload/n1_4/install/sensor/share/sensor/package.zsh'
[6.262s] Level 1:colcon.colcon_core.environment:create_file_with_runtime_dependencies(/home/cnrlab/Desktop/scx_basic/workload/n1_4/install/sensor/share/colcon-core/packages/sensor)
[6.263s] Level 1:colcon.colcon_core.environment:create_environment_scripts_only(sensor)
[6.263s] Level 1:colcon.colcon_core.environment:checking '/home/cnrlab/Desktop/scx_basic/workload/n1_4/install/sensor' for CMake module files
[6.263s] Level 1:colcon.colcon_core.environment:checking '/home/cnrlab/Desktop/scx_basic/workload/n1_4/install/sensor' for CMake config files
[6.263s] Level 1:colcon.colcon_core.shell:create_environment_hook('sensor', 'cmake_prefix_path')
[6.263s] INFO:colcon.colcon_core.shell:Creating environment descriptor '/home/cnrlab/Desktop/scx_basic/workload/n1_4/install/sensor/share/sensor/hook/cmake_prefix_path.dsv'
[6.264s] INFO:colcon.colcon_core.shell:Creating environment hook '/home/cnrlab/Desktop/scx_basic/workload/n1_4/install/sensor/share/sensor/hook/cmake_prefix_path.sh'
[6.264s] Level 1:colcon.colcon_core.environment:checking '/home/cnrlab/Desktop/scx_basic/workload/n1_4/install/sensor/lib'
[6.264s] Level 1:colcon.colcon_core.shell:create_environment_hook('sensor', 'ld_library_path_lib')
[6.264s] INFO:colcon.colcon_core.shell:Creating environment descriptor '/home/cnrlab/Desktop/scx_basic/workload/n1_4/install/sensor/share/sensor/hook/ld_library_path_lib.dsv'
[6.264s] INFO:colcon.colcon_core.shell:Creating environment hook '/home/cnrlab/Desktop/scx_basic/workload/n1_4/install/sensor/share/sensor/hook/ld_library_path_lib.sh'
[6.264s] Level 1:colcon.colcon_core.environment:checking '/home/cnrlab/Desktop/scx_basic/workload/n1_4/install/sensor/bin'
[6.264s] Level 1:colcon.colcon_core.environment:checking '/home/cnrlab/Desktop/scx_basic/workload/n1_4/install/sensor/lib/pkgconfig/sensor.pc'
[6.265s] Level 1:colcon.colcon_core.environment:checking '/home/cnrlab/Desktop/scx_basic/workload/n1_4/install/sensor/lib/python3.12/site-packages'
[6.265s] Level 1:colcon.colcon_core.shell:create_environment_hook('sensor', 'pythonpath')
[6.265s] INFO:colcon.colcon_core.shell:Creating environment descriptor '/home/cnrlab/Desktop/scx_basic/workload/n1_4/install/sensor/share/sensor/hook/pythonpath.dsv'
[6.265s] INFO:colcon.colcon_core.shell:Creating environment hook '/home/cnrlab/Desktop/scx_basic/workload/n1_4/install/sensor/share/sensor/hook/pythonpath.sh'
[6.265s] Level 1:colcon.colcon_core.environment:checking '/home/cnrlab/Desktop/scx_basic/workload/n1_4/install/sensor/bin'
[6.266s] INFO:colcon.colcon_core.shell:Creating package descriptor '/home/cnrlab/Desktop/scx_basic/workload/n1_4/install/sensor/share/sensor/package.dsv'
[6.266s] INFO:colcon.colcon_core.shell:Creating package script '/home/cnrlab/Desktop/scx_basic/workload/n1_4/install/sensor/share/sensor/package.sh'
[6.266s] INFO:colcon.colcon_core.shell:Creating package script '/home/cnrlab/Desktop/scx_basic/workload/n1_4/install/sensor/share/sensor/package.bash'
[6.266s] INFO:colcon.colcon_core.shell:Creating package script '/home/cnrlab/Desktop/scx_basic/workload/n1_4/install/sensor/share/sensor/package.zsh'
[6.266s] Level 1:colcon.colcon_core.environment:create_file_with_runtime_dependencies(/home/cnrlab/Desktop/scx_basic/workload/n1_4/install/sensor/share/colcon-core/packages/sensor)
[6.267s] INFO:colcon.colcon_ros.task.ament_cmake.build:Building ROS package in '/home/cnrlab/Desktop/scx_basic/workload/n1_4/src/fanout' with build type 'ament_cmake'
[6.267s] INFO:colcon.colcon_cmake.task.cmake.build:Building CMake package in '/home/cnrlab/Desktop/scx_basic/workload/n1_4/src/fanout'
[6.267s] DEBUG:colcon.colcon_core.shell:Skip shell extension 'dsv' for command environment
[6.269s] INFO:colcon.colcon_ros.task.ament_cmake.build:Building ROS package in '/home/cnrlab/Desktop/scx_basic/workload/n1_4/src/planner' with build type 'ament_cmake'
[6.269s] INFO:colcon.colcon_cmake.task.cmake.build:Building CMake package in '/home/cnrlab/Desktop/scx_basic/workload/n1_4/src/planner'
[6.269s] DEBUG:colcon.colcon_core.shell:Skip shell extension 'dsv' for command environment
[6.270s] INFO:colcon.colcon_ros.task.ament_cmake.build:Building ROS package in '/home/cnrlab/Desktop/scx_basic/workload/n1_4/src/process' with build type 'ament_cmake'
[6.270s] INFO:colcon.colcon_cmake.task.cmake.build:Building CMake package in '/home/cnrlab/Desktop/scx_basic/workload/n1_4/src/process'
[6.270s] DEBUG:colcon.colcon_core.shell:Skip shell extension 'dsv' for command environment
[6.272s] INFO:colcon.colcon_ros.task.ament_cmake.build:Building ROS package in '/home/cnrlab/Desktop/scx_basic/workload/n1_4/src/sink' with build type 'ament_cmake'
[6.272s] INFO:colcon.colcon_cmake.task.cmake.build:Building CMake package in '/home/cnrlab/Desktop/scx_basic/workload/n1_4/src/sink'
[6.272s] DEBUG:colcon.colcon_core.shell:Skip shell extension 'dsv' for command environment
[6.275s] DEBUG:colcon.colcon_core.event_handler.log_command:Invoking command in '/home/cnrlab/Desktop/scx_basic/workload/n1_4/build/fanout': AMENT_PREFIX_PATH=/home/cnrlab/Desktop/scx_basic/workload/n1_4/install/sensor:${AMENT_PREFIX_PATH} CMAKE_PREFIX_PATH=/home/cnrlab/Desktop/scx_basic/workload/n1_4/install/sensor:/opt/ros/jazzy/opt/gz_math_vendor:/opt/ros/jazzy/opt/gz_utils_vendor:/opt/ros/jazzy/opt/gz_cmake_vendor:/opt/ros/jazzy DEBUGINFOD_URLS=https://debuginfod.ubuntu.com LD_LIBRARY_PATH=/home/cnrlab/Desktop/scx_basic/workload/n1_4/install/sensor/lib:${LD_LIBRARY_PATH} PYTHONPATH=/home/cnrlab/Desktop/scx_basic/workload/n1_4/install/sensor/lib/python3.12/site-packages:${PYTHONPATH} /usr/bin/cmake /home/cnrlab/Desktop/scx_basic/workload/n1_4/src/fanout -DCMAKE_INSTALL_PREFIX=/home/cnrlab/Desktop/scx_basic/workload/n1_4/install/fanout
[6.276s] DEBUG:colcon.colcon_core.event_handler.log_command:Invoking command in '/home/cnrlab/Desktop/scx_basic/workload/n1_4/build/planner': AMENT_PREFIX_PATH=/home/cnrlab/Desktop/scx_basic/workload/n1_4/install/sensor:${AMENT_PREFIX_PATH} CMAKE_PREFIX_PATH=/home/cnrlab/Desktop/scx_basic/workload/n1_4/install/sensor:/opt/ros/jazzy/opt/gz_math_vendor:/opt/ros/jazzy/opt/gz_utils_vendor:/opt/ros/jazzy/opt/gz_cmake_vendor:/opt/ros/jazzy DEBUGINFOD_URLS=https://debuginfod.ubuntu.com LD_LIBRARY_PATH=/home/cnrlab/Desktop/scx_basic/workload/n1_4/install/sensor/lib:${LD_LIBRARY_PATH} PYTHONPATH=/home/cnrlab/Desktop/scx_basic/workload/n1_4/install/sensor/lib/python3.12/site-packages:${PYTHONPATH} /usr/bin/cmake /home/cnrlab/Desktop/scx_basic/workload/n1_4/src/planner -DCMAKE_INSTALL_PREFIX=/home/cnrlab/Desktop/scx_basic/workload/n1_4/install/planner
[6.278s] DEBUG:colcon.colcon_core.event_handler.log_command:Invoking command in '/home/cnrlab/Desktop/scx_basic/workload/n1_4/build/process': AMENT_PREFIX_PATH=/home/cnrlab/Desktop/scx_basic/workload/n1_4/install/sensor:${AMENT_PREFIX_PATH} CMAKE_PREFIX_PATH=/home/cnrlab/Desktop/scx_basic/workload/n1_4/install/sensor:/opt/ros/jazzy/opt/gz_math_vendor:/opt/ros/jazzy/opt/gz_utils_vendor:/opt/ros/jazzy/opt/gz_cmake_vendor:/opt/ros/jazzy DEBUGINFOD_URLS=https://debuginfod.ubuntu.com LD_LIBRARY_PATH=/home/cnrlab/Desktop/scx_basic/workload/n1_4/install/sensor/lib:${LD_LIBRARY_PATH} PYTHONPATH=/home/cnrlab/Desktop/scx_basic/workload/n1_4/install/sensor/lib/python3.12/site-packages:${PYTHONPATH} /usr/bin/cmake /home/cnrlab/Desktop/scx_basic/workload/n1_4/src/process -DCMAKE_INSTALL_PREFIX=/home/cnrlab/Desktop/scx_basic/workload/n1_4/install/process
[6.279s] DEBUG:colcon.colcon_core.event_handler.log_command:Invoking command in '/home/cnrlab/Desktop/scx_basic/workload/n1_4/build/sink': AMENT_PREFIX_PATH=/home/cnrlab/Desktop/scx_basic/workload/n1_4/install/sensor:${AMENT_PREFIX_PATH} CMAKE_PREFIX_PATH=/home/cnrlab/Desktop/scx_basic/workload/n1_4/install/sensor:/opt/ros/jazzy/opt/gz_math_vendor:/opt/ros/jazzy/opt/gz_utils_vendor:/opt/ros/jazzy/opt/gz_cmake_vendor:/opt/ros/jazzy DEBUGINFOD_URLS=https://debuginfod.ubuntu.com LD_LIBRARY_PATH=/home/cnrlab/Desktop/scx_basic/workload/n1_4/install/sensor/lib:${LD_LIBRARY_PATH} PYTHONPATH=/home/cnrlab/Desktop/scx_basic/workload/n1_4/install/sensor/lib/python3.12/site-packages:${PYTHONPATH} /usr/bin/cmake /home/cnrlab/Desktop/scx_basic/workload/n1_4/src/sink -DCMAKE_INSTALL_PREFIX=/home/cnrlab/Desktop/scx_basic/workload/n1_4/install/sink
[7.083s] DEBUG:colcon.colcon_core.event_handler.log_command:Invoked command in '/home/cnrlab/Desktop/scx_basic/workload/n1_4/build/fanout' returned '0': AMENT_PREFIX_PATH=/home/cnrlab/Desktop/scx_basic/workload/n1_4/install/sensor:${AMENT_PREFIX_PATH} CMAKE_PREFIX_PATH=/home/cnrlab/Desktop/scx_basic/workload/n1_4/install/sensor:/opt/ros/jazzy/opt/gz_math_vendor:/opt/ros/jazzy/opt/gz_utils_vendor:/opt/ros/jazzy/opt/gz_cmake_vendor:/opt/ros/jazzy DEBUGINFOD_URLS=https://debuginfod.ubuntu.com LD_LIBRARY_PATH=/home/cnrlab/Desktop/scx_basic/workload/n1_4/install/sensor/lib:${LD_LIBRARY_PATH} PYTHONPATH=/home/cnrlab/Desktop/scx_basic/workload/n1_4/install/sensor/lib/python3.12/site-packages:${PYTHONPATH} /usr/bin/cmake /home/cnrlab/Desktop/scx_basic/workload/n1_4/src/fanout -DCMAKE_INSTALL_PREFIX=/home/cnrlab/Desktop/scx_basic/workload/n1_4/install/fanout
[7.084s] DEBUG:colcon.colcon_core.event_handler.log_command:Invoking command in '/home/cnrlab/Desktop/scx_basic/workload/n1_4/build/fanout': AMENT_PREFIX_PATH=/home/cnrlab/Desktop/scx_basic/workload/n1_4/install/sensor:${AMENT_PREFIX_PATH} CMAKE_PREFIX_PATH=/home/cnrlab/Desktop/scx_basic/workload/n1_4/install/sensor:/opt/ros/jazzy/opt/gz_math_vendor:/opt/ros/jazzy/opt/gz_utils_vendor:/opt/ros/jazzy/opt/gz_cmake_vendor:/opt/ros/jazzy DEBUGINFOD_URLS=https://debuginfod.ubuntu.com LD_LIBRARY_PATH=/home/cnrlab/Desktop/scx_basic/workload/n1_4/install/sensor/lib:${LD_LIBRARY_PATH} PYTHONPATH=/home/cnrlab/Desktop/scx_basic/workload/n1_4/install/sensor/lib/python3.12/site-packages:${PYTHONPATH} /usr/bin/cmake --build /home/cnrlab/Desktop/scx_basic/workload/n1_4/build/fanout -- -j20 -l20
[7.089s] DEBUG:colcon.colcon_core.event_handler.log_command:Invoked command in '/home/cnrlab/Desktop/scx_basic/workload/n1_4/build/sink' returned '0': AMENT_PREFIX_PATH=/home/cnrlab/Desktop/scx_basic/workload/n1_4/install/sensor:${AMENT_PREFIX_PATH} CMAKE_PREFIX_PATH=/home/cnrlab/Desktop/scx_basic/workload/n1_4/install/sensor:/opt/ros/jazzy/opt/gz_math_vendor:/opt/ros/jazzy/opt/gz_utils_vendor:/opt/ros/jazzy/opt/gz_cmake_vendor:/opt/ros/jazzy DEBUGINFOD_URLS=https://debuginfod.ubuntu.com LD_LIBRARY_PATH=/home/cnrlab/Desktop/scx_basic/workload/n1_4/install/sensor/lib:${LD_LIBRARY_PATH} PYTHONPATH=/home/cnrlab/Desktop/scx_basic/workload/n1_4/install/sensor/lib/python3.12/site-packages:${PYTHONPATH} /usr/bin/cmake /home/cnrlab/Desktop/scx_basic/workload/n1_4/src/sink -DCMAKE_INSTALL_PREFIX=/home/cnrlab/Desktop/scx_basic/workload/n1_4/install/sink
[7.090s] DEBUG:colcon.colcon_core.event_handler.log_command:Invoking command in '/home/cnrlab/Desktop/scx_basic/workload/n1_4/build/sink': AMENT_PREFIX_PATH=/home/cnrlab/Desktop/scx_basic/workload/n1_4/install/sensor:${AMENT_PREFIX_PATH} CMAKE_PREFIX_PATH=/home/cnrlab/Desktop/scx_basic/workload/n1_4/install/sensor:/opt/ros/jazzy/opt/gz_math_vendor:/opt/ros/jazzy/opt/gz_utils_vendor:/opt/ros/jazzy/opt/gz_cmake_vendor:/opt/ros/jazzy DEBUGINFOD_URLS=https://debuginfod.ubuntu.com LD_LIBRARY_PATH=/home/cnrlab/Desktop/scx_basic/workload/n1_4/install/sensor/lib:${LD_LIBRARY_PATH} PYTHONPATH=/home/cnrlab/Desktop/scx_basic/workload/n1_4/install/sensor/lib/python3.12/site-packages:${PYTHONPATH} /usr/bin/cmake --build /home/cnrlab/Desktop/scx_basic/workload/n1_4/build/sink -- -j20 -l20
[7.091s] DEBUG:colcon.colcon_core.event_handler.log_command:Invoked command in '/home/cnrlab/Desktop/scx_basic/workload/n1_4/build/planner' returned '0': AMENT_PREFIX_PATH=/home/cnrlab/Desktop/scx_basic/workload/n1_4/install/sensor:${AMENT_PREFIX_PATH} CMAKE_PREFIX_PATH=/home/cnrlab/Desktop/scx_basic/workload/n1_4/install/sensor:/opt/ros/jazzy/opt/gz_math_vendor:/opt/ros/jazzy/opt/gz_utils_vendor:/opt/ros/jazzy/opt/gz_cmake_vendor:/opt/ros/jazzy DEBUGINFOD_URLS=https://debuginfod.ubuntu.com LD_LIBRARY_PATH=/home/cnrlab/Desktop/scx_basic/workload/n1_4/install/sensor/lib:${LD_LIBRARY_PATH} PYTHONPATH=/home/cnrlab/Desktop/scx_basic/workload/n1_4/install/sensor/lib/python3.12/site-packages:${PYTHONPATH} /usr/bin/cmake /home/cnrlab/Desktop/scx_basic/workload/n1_4/src/planner -DCMAKE_INSTALL_PREFIX=/home/cnrlab/Desktop/scx_basic/workload/n1_4/install/planner
[7.092s] DEBUG:colcon.colcon_core.event_handler.log_command:Invoking command in '/home/cnrlab/Desktop/scx_basic/workload/n1_4/build/planner': AMENT_PREFIX_PATH=/home/cnrlab/Desktop/scx_basic/workload/n1_4/install/sensor:${AMENT_PREFIX_PATH} CMAKE_PREFIX_PATH=/home/cnrlab/Desktop/scx_basic/workload/n1_4/install/sensor:/opt/ros/jazzy/opt/gz_math_vendor:/opt/ros/jazzy/opt/gz_utils_vendor:/opt/ros/jazzy/opt/gz_cmake_vendor:/opt/ros/jazzy DEBUGINFOD_URLS=https://debuginfod.ubuntu.com LD_LIBRARY_PATH=/home/cnrlab/Desktop/scx_basic/workload/n1_4/install/sensor/lib:${LD_LIBRARY_PATH} PYTHONPATH=/home/cnrlab/Desktop/scx_basic/workload/n1_4/install/sensor/lib/python3.12/site-packages:${PYTHONPATH} /usr/bin/cmake --build /home/cnrlab/Desktop/scx_basic/workload/n1_4/build/planner -- -j20 -l20
[7.103s] DEBUG:colcon.colcon_core.event_handler.log_command:Invoked command in '/home/cnrlab/Desktop/scx_basic/workload/n1_4/build/process' returned '0': AMENT_PREFIX_PATH=/home/cnrlab/Desktop/scx_basic/workload/n1_4/install/sensor:${AMENT_PREFIX_PATH} CMAKE_PREFIX_PATH=/home/cnrlab/Desktop/scx_basic/workload/n1_4/install/sensor:/opt/ros/jazzy/opt/gz_math_vendor:/opt/ros/jazzy/opt/gz_utils_vendor:/opt/ros/jazzy/opt/gz_cmake_vendor:/opt/ros/jazzy DEBUGINFOD_URLS=https://debuginfod.ubuntu.com LD_LIBRARY_PATH=/home/cnrlab/Desktop/scx_basic/workload/n1_4/install/sensor/lib:${LD_LIBRARY_PATH} PYTHONPATH=/home/cnrlab/Desktop/scx_basic/workload/n1_4/install/sensor/lib/python3.12/site-packages:${PYTHONPATH} /usr/bin/cmake /home/cnrlab/Desktop/scx_basic/workload/n1_4/src/process -DCMAKE_INSTALL_PREFIX=/home/cnrlab/Desktop/scx_basic/workload/n1_4/install/process
[7.104s] DEBUG:colcon.colcon_core.event_handler.log_command:Invoking command in '/home/cnrlab/Desktop/scx_basic/workload/n1_4/build/process': AMENT_PREFIX_PATH=/home/cnrlab/Desktop/scx_basic/workload/n1_4/install/sensor:${AMENT_PREFIX_PATH} CMAKE_PREFIX_PATH=/home/cnrlab/Desktop/scx_basic/workload/n1_4/install/sensor:/opt/ros/jazzy/opt/gz_math_vendor:/opt/ros/jazzy/opt/gz_utils_vendor:/opt/ros/jazzy/opt/gz_cmake_vendor:/opt/ros/jazzy DEBUGINFOD_URLS=https://debuginfod.ubuntu.com LD_LIBRARY_PATH=/home/cnrlab/Desktop/scx_basic/workload/n1_4/install/sensor/lib:${LD_LIBRARY_PATH} PYTHONPATH=/home/cnrlab/Desktop/scx_basic/workload/n1_4/install/sensor/lib/python3.12/site-packages:${PYTHONPATH} /usr/bin/cmake --build /home/cnrlab/Desktop/scx_basic/workload/n1_4/build/process -- -j20 -l20
[12.698s] DEBUG:colcon.colcon_core.event_handler.log_command:Invoked command in '/home/cnrlab/Desktop/scx_basic/workload/n1_4/build/sink' returned '0': AMENT_PREFIX_PATH=/home/cnrlab/Desktop/scx_basic/workload/n1_4/install/sensor:${AMENT_PREFIX_PATH} CMAKE_PREFIX_PATH=/home/cnrlab/Desktop/scx_basic/workload/n1_4/install/sensor:/opt/ros/jazzy/opt/gz_math_vendor:/opt/ros/jazzy/opt/gz_utils_vendor:/opt/ros/jazzy/opt/gz_cmake_vendor:/opt/ros/jazzy DEBUGINFOD_URLS=https://debuginfod.ubuntu.com LD_LIBRARY_PATH=/home/cnrlab/Desktop/scx_basic/workload/n1_4/install/sensor/lib:${LD_LIBRARY_PATH} PYTHONPATH=/home/cnrlab/Desktop/scx_basic/workload/n1_4/install/sensor/lib/python3.12/site-packages:${PYTHONPATH} /usr/bin/cmake --build /home/cnrlab/Desktop/scx_basic/workload/n1_4/build/sink -- -j20 -l20
[12.699s] DEBUG:colcon.colcon_core.event_handler.log_command:Invoking command in '/home/cnrlab/Desktop/scx_basic/workload/n1_4/build/sink': AMENT_PREFIX_PATH=/home/cnrlab/Desktop/scx_basic/workload/n1_4/install/sensor:${AMENT_PREFIX_PATH} CMAKE_PREFIX_PATH=/home/cnrlab/Desktop/scx_basic/workload/n1_4/install/sensor:/opt/ros/jazzy/opt/gz_math_vendor:/opt/ros/jazzy/opt/gz_utils_vendor:/opt/ros/jazzy/opt/gz_cmake_vendor:/opt/ros/jazzy DEBUGINFOD_URLS=https://debuginfod.ubuntu.com LD_LIBRARY_PATH=/home/cnrlab/Desktop/scx_basic/workload/n1_4/install/sensor/lib:${LD_LIBRARY_PATH} PYTHONPATH=/home/cnrlab/Desktop/scx_basic/workload/n1_4/install/sensor/lib/python3.12/site-packages:${PYTHONPATH} /usr/bin/cmake --install /home/cnrlab/Desktop/scx_basic/workload/n1_4/build/sink
[12.714s] Level 1:colcon.colcon_core.environment:create_environment_scripts_only(sink)
[12.714s] Level 1:colcon.colcon_core.environment:checking '/home/cnrlab/Desktop/scx_basic/workload/n1_4/install/sink' for CMake module files
[12.715s] DEBUG:colcon.colcon_core.event_handler.log_command:Invoked command in '/home/cnrlab/Desktop/scx_basic/workload/n1_4/build/sink' returned '0': AMENT_PREFIX_PATH=/home/cnrlab/Desktop/scx_basic/workload/n1_4/install/sensor:${AMENT_PREFIX_PATH} CMAKE_PREFIX_PATH=/home/cnrlab/Desktop/scx_basic/workload/n1_4/install/sensor:/opt/ros/jazzy/opt/gz_math_vendor:/opt/ros/jazzy/opt/gz_utils_vendor:/opt/ros/jazzy/opt/gz_cmake_vendor:/opt/ros/jazzy DEBUGINFOD_URLS=https://debuginfod.ubuntu.com LD_LIBRARY_PATH=/home/cnrlab/Desktop/scx_basic/workload/n1_4/install/sensor/lib:${LD_LIBRARY_PATH} PYTHONPATH=/home/cnrlab/Desktop/scx_basic/workload/n1_4/install/sensor/lib/python3.12/site-packages:${PYTHONPATH} /usr/bin/cmake --install /home/cnrlab/Desktop/scx_basic/workload/n1_4/build/sink
[12.715s] Level 1:colcon.colcon_core.environment:checking '/home/cnrlab/Desktop/scx_basic/workload/n1_4/install/sink' for CMake config files
[12.716s] Level 1:colcon.colcon_core.shell:create_environment_hook('sink', 'cmake_prefix_path')
[12.716s] INFO:colcon.colcon_core.shell:Creating environment descriptor '/home/cnrlab/Desktop/scx_basic/workload/n1_4/install/sink/share/sink/hook/cmake_prefix_path.dsv'
[12.716s] INFO:colcon.colcon_core.shell:Creating environment hook '/home/cnrlab/Desktop/scx_basic/workload/n1_4/install/sink/share/sink/hook/cmake_prefix_path.sh'
[12.717s] Level 1:colcon.colcon_core.environment:checking '/home/cnrlab/Desktop/scx_basic/workload/n1_4/install/sink/lib'
[12.717s] Level 1:colcon.colcon_core.environment:checking '/home/cnrlab/Desktop/scx_basic/workload/n1_4/install/sink/bin'
[12.717s] Level 1:colcon.colcon_core.environment:checking '/home/cnrlab/Desktop/scx_basic/workload/n1_4/install/sink/lib/pkgconfig/sink.pc'
[12.717s] Level 1:colcon.colcon_core.environment:checking '/home/cnrlab/Desktop/scx_basic/workload/n1_4/install/sink/lib/python3.12/site-packages'
[12.717s] Level 1:colcon.colcon_core.environment:checking '/home/cnrlab/Desktop/scx_basic/workload/n1_4/install/sink/bin'
[12.717s] INFO:colcon.colcon_core.shell:Creating package descriptor '/home/cnrlab/Desktop/scx_basic/workload/n1_4/install/sink/share/sink/package.dsv'
[12.718s] INFO:colcon.colcon_core.shell:Creating package script '/home/cnrlab/Desktop/scx_basic/workload/n1_4/install/sink/share/sink/package.sh'
[12.718s] INFO:colcon.colcon_core.shell:Creating package script '/home/cnrlab/Desktop/scx_basic/workload/n1_4/install/sink/share/sink/package.bash'
[12.718s] INFO:colcon.colcon_core.shell:Creating package script '/home/cnrlab/Desktop/scx_basic/workload/n1_4/install/sink/share/sink/package.zsh'
[12.718s] Level 1:colcon.colcon_core.environment:create_file_with_runtime_dependencies(/home/cnrlab/Desktop/scx_basic/workload/n1_4/install/sink/share/colcon-core/packages/sink)
[12.719s] Level 1:colcon.colcon_core.environment:create_environment_scripts_only(sink)
[12.719s] Level 1:colcon.colcon_core.environment:checking '/home/cnrlab/Desktop/scx_basic/workload/n1_4/install/sink' for CMake module files
[12.719s] Level 1:colcon.colcon_core.environment:checking '/home/cnrlab/Desktop/scx_basic/workload/n1_4/install/sink' for CMake config files
[12.719s] Level 1:colcon.colcon_core.shell:create_environment_hook('sink', 'cmake_prefix_path')
[12.719s] INFO:colcon.colcon_core.shell:Creating environment descriptor '/home/cnrlab/Desktop/scx_basic/workload/n1_4/install/sink/share/sink/hook/cmake_prefix_path.dsv'
[12.720s] INFO:colcon.colcon_core.shell:Creating environment hook '/home/cnrlab/Desktop/scx_basic/workload/n1_4/install/sink/share/sink/hook/cmake_prefix_path.sh'
[12.720s] Level 1:colcon.colcon_core.environment:checking '/home/cnrlab/Desktop/scx_basic/workload/n1_4/install/sink/lib'
[12.720s] Level 1:colcon.colcon_core.environment:checking '/home/cnrlab/Desktop/scx_basic/workload/n1_4/install/sink/bin'
[12.720s] Level 1:colcon.colcon_core.environment:checking '/home/cnrlab/Desktop/scx_basic/workload/n1_4/install/sink/lib/pkgconfig/sink.pc'
[12.720s] Level 1:colcon.colcon_core.environment:checking '/home/cnrlab/Desktop/scx_basic/workload/n1_4/install/sink/lib/python3.12/site-packages'
[12.720s] Level 1:colcon.colcon_core.environment:checking '/home/cnrlab/Desktop/scx_basic/workload/n1_4/install/sink/bin'
[12.721s] INFO:colcon.colcon_core.shell:Creating package descriptor '/home/cnrlab/Desktop/scx_basic/workload/n1_4/install/sink/share/sink/package.dsv'
[12.721s] INFO:colcon.colcon_core.shell:Creating package script '/home/cnrlab/Desktop/scx_basic/workload/n1_4/install/sink/share/sink/package.sh'
[12.721s] INFO:colcon.colcon_core.shell:Creating package script '/home/cnrlab/Desktop/scx_basic/workload/n1_4/install/sink/share/sink/package.bash'
[12.721s] INFO:colcon.colcon_core.shell:Creating package script '/home/cnrlab/Desktop/scx_basic/workload/n1_4/install/sink/share/sink/package.zsh'
[12.722s] Level 1:colcon.colcon_core.environment:create_file_with_runtime_dependencies(/home/cnrlab/Desktop/scx_basic/workload/n1_4/install/sink/share/colcon-core/packages/sink)
[12.800s] DEBUG:colcon.colcon_core.event_handler.log_command:Invoked command in '/home/cnrlab/Desktop/scx_basic/workload/n1_4/build/planner' returned '0': AMENT_PREFIX_PATH=/home/cnrlab/Desktop/scx_basic/workload/n1_4/install/sensor:${AMENT_PREFIX_PATH} CMAKE_PREFIX_PATH=/home/cnrlab/Desktop/scx_basic/workload/n1_4/install/sensor:/opt/ros/jazzy/opt/gz_math_vendor:/opt/ros/jazzy/opt/gz_utils_vendor:/opt/ros/jazzy/opt/gz_cmake_vendor:/opt/ros/jazzy DEBUGINFOD_URLS=https://debuginfod.ubuntu.com LD_LIBRARY_PATH=/home/cnrlab/Desktop/scx_basic/workload/n1_4/install/sensor/lib:${LD_LIBRARY_PATH} PYTHONPATH=/home/cnrlab/Desktop/scx_basic/workload/n1_4/install/sensor/lib/python3.12/site-packages:${PYTHONPATH} /usr/bin/cmake --build /home/cnrlab/Desktop/scx_basic/workload/n1_4/build/planner -- -j20 -l20
[12.800s] DEBUG:colcon.colcon_core.event_handler.log_command:Invoking command in '/home/cnrlab/Desktop/scx_basic/workload/n1_4/build/planner': AMENT_PREFIX_PATH=/home/cnrlab/Desktop/scx_basic/workload/n1_4/install/sensor:${AMENT_PREFIX_PATH} CMAKE_PREFIX_PATH=/home/cnrlab/Desktop/scx_basic/workload/n1_4/install/sensor:/opt/ros/jazzy/opt/gz_math_vendor:/opt/ros/jazzy/opt/gz_utils_vendor:/opt/ros/jazzy/opt/gz_cmake_vendor:/opt/ros/jazzy DEBUGINFOD_URLS=https://debuginfod.ubuntu.com LD_LIBRARY_PATH=/home/cnrlab/Desktop/scx_basic/workload/n1_4/install/sensor/lib:${LD_LIBRARY_PATH} PYTHONPATH=/home/cnrlab/Desktop/scx_basic/workload/n1_4/install/sensor/lib/python3.12/site-packages:${PYTHONPATH} /usr/bin/cmake --install /home/cnrlab/Desktop/scx_basic/workload/n1_4/build/planner
[12.815s] Level 1:colcon.colcon_core.environment:create_environment_scripts_only(planner)
[12.815s] Level 1:colcon.colcon_core.environment:checking '/home/cnrlab/Desktop/scx_basic/workload/n1_4/install/planner' for CMake module files
[12.816s] DEBUG:colcon.colcon_core.event_handler.log_command:Invoked command in '/home/cnrlab/Desktop/scx_basic/workload/n1_4/build/planner' returned '0': AMENT_PREFIX_PATH=/home/cnrlab/Desktop/scx_basic/workload/n1_4/install/sensor:${AMENT_PREFIX_PATH} CMAKE_PREFIX_PATH=/home/cnrlab/Desktop/scx_basic/workload/n1_4/install/sensor:/opt/ros/jazzy/opt/gz_math_vendor:/opt/ros/jazzy/opt/gz_utils_vendor:/opt/ros/jazzy/opt/gz_cmake_vendor:/opt/ros/jazzy DEBUGINFOD_URLS=https://debuginfod.ubuntu.com LD_LIBRARY_PATH=/home/cnrlab/Desktop/scx_basic/workload/n1_4/install/sensor/lib:${LD_LIBRARY_PATH} PYTHONPATH=/home/cnrlab/Desktop/scx_basic/workload/n1_4/install/sensor/lib/python3.12/site-packages:${PYTHONPATH} /usr/bin/cmake --install /home/cnrlab/Desktop/scx_basic/workload/n1_4/build/planner
[12.816s] Level 1:colcon.colcon_core.environment:checking '/home/cnrlab/Desktop/scx_basic/workload/n1_4/install/planner' for CMake config files
[12.816s] Level 1:colcon.colcon_core.shell:create_environment_hook('planner', 'cmake_prefix_path')
[12.817s] INFO:colcon.colcon_core.shell:Creating environment descriptor '/home/cnrlab/Desktop/scx_basic/workload/n1_4/install/planner/share/planner/hook/cmake_prefix_path.dsv'
[12.817s] INFO:colcon.colcon_core.shell:Creating environment hook '/home/cnrlab/Desktop/scx_basic/workload/n1_4/install/planner/share/planner/hook/cmake_prefix_path.sh'
[12.818s] Level 1:colcon.colcon_core.environment:checking '/home/cnrlab/Desktop/scx_basic/workload/n1_4/install/planner/lib'
[12.818s] Level 1:colcon.colcon_core.environment:checking '/home/cnrlab/Desktop/scx_basic/workload/n1_4/install/planner/bin'
[12.818s] Level 1:colcon.colcon_core.environment:checking '/home/cnrlab/Desktop/scx_basic/workload/n1_4/install/planner/lib/pkgconfig/planner.pc'
[12.818s] Level 1:colcon.colcon_core.environment:checking '/home/cnrlab/Desktop/scx_basic/workload/n1_4/install/planner/lib/python3.12/site-packages'
[12.818s] Level 1:colcon.colcon_core.environment:checking '/home/cnrlab/Desktop/scx_basic/workload/n1_4/install/planner/bin'
[12.818s] INFO:colcon.colcon_core.shell:Creating package descriptor '/home/cnrlab/Desktop/scx_basic/workload/n1_4/install/planner/share/planner/package.dsv'
[12.819s] INFO:colcon.colcon_core.shell:Creating package script '/home/cnrlab/Desktop/scx_basic/workload/n1_4/install/planner/share/planner/package.sh'
[12.819s] INFO:colcon.colcon_core.shell:Creating package script '/home/cnrlab/Desktop/scx_basic/workload/n1_4/install/planner/share/planner/package.bash'
[12.820s] INFO:colcon.colcon_core.shell:Creating package script '/home/cnrlab/Desktop/scx_basic/workload/n1_4/install/planner/share/planner/package.zsh'
[12.820s] Level 1:colcon.colcon_core.environment:create_file_with_runtime_dependencies(/home/cnrlab/Desktop/scx_basic/workload/n1_4/install/planner/share/colcon-core/packages/planner)
[12.820s] Level 1:colcon.colcon_core.environment:create_environment_scripts_only(planner)
[12.820s] Level 1:colcon.colcon_core.environment:checking '/home/cnrlab/Desktop/scx_basic/workload/n1_4/install/planner' for CMake module files
[12.821s] Level 1:colcon.colcon_core.environment:checking '/home/cnrlab/Desktop/scx_basic/workload/n1_4/install/planner' for CMake config files
[12.821s] Level 1:colcon.colcon_core.shell:create_environment_hook('planner', 'cmake_prefix_path')
[12.821s] INFO:colcon.colcon_core.shell:Creating environment descriptor '/home/cnrlab/Desktop/scx_basic/workload/n1_4/install/planner/share/planner/hook/cmake_prefix_path.dsv'
[12.822s] INFO:colcon.colcon_core.shell:Creating environment hook '/home/cnrlab/Desktop/scx_basic/workload/n1_4/install/planner/share/planner/hook/cmake_prefix_path.sh'
[12.822s] Level 1:colcon.colcon_core.environment:checking '/home/cnrlab/Desktop/scx_basic/workload/n1_4/install/planner/lib'
[12.822s] Level 1:colcon.colcon_core.environment:checking '/home/cnrlab/Desktop/scx_basic/workload/n1_4/install/planner/bin'
[12.822s] Level 1:colcon.colcon_core.environment:checking '/home/cnrlab/Desktop/scx_basic/workload/n1_4/install/planner/lib/pkgconfig/planner.pc'
[12.822s] Level 1:colcon.colcon_core.environment:checking '/home/cnrlab/Desktop/scx_basic/workload/n1_4/install/planner/lib/python3.12/site-packages'
[12.823s] Level 1:colcon.colcon_core.environment:checking '/home/cnrlab/Desktop/scx_basic/workload/n1_4/install/planner/bin'
[12.823s] INFO:colcon.colcon_core.shell:Creating package descriptor '/home/cnrlab/Desktop/scx_basic/workload/n1_4/install/planner/share/planner/package.dsv'
[12.823s] INFO:colcon.colcon_core.shell:Creating package script '/home/cnrlab/Desktop/scx_basic/workload/n1_4/install/planner/share/planner/package.sh'
[12.824s] INFO:colcon.colcon_core.shell:Creating package script '/home/cnrlab/Desktop/scx_basic/workload/n1_4/install/planner/share/planner/package.bash'
[12.824s] INFO:colcon.colcon_core.shell:Creating package script '/home/cnrlab/Desktop/scx_basic/workload/n1_4/install/planner/share/planner/package.zsh'
[12.824s] Level 1:colcon.colcon_core.environment:create_file_with_runtime_dependencies(/home/cnrlab/Desktop/scx_basic/workload/n1_4/install/planner/share/colcon-core/packages/planner)
[12.859s] DEBUG:colcon.colcon_core.event_handler.log_command:Invoked command in '/home/cnrlab/Desktop/scx_basic/workload/n1_4/build/process' returned '0': AMENT_PREFIX_PATH=/home/cnrlab/Desktop/scx_basic/workload/n1_4/install/sensor:${AMENT_PREFIX_PATH} CMAKE_PREFIX_PATH=/home/cnrlab/Desktop/scx_basic/workload/n1_4/install/sensor:/opt/ros/jazzy/opt/gz_math_vendor:/opt/ros/jazzy/opt/gz_utils_vendor:/opt/ros/jazzy/opt/gz_cmake_vendor:/opt/ros/jazzy DEBUGINFOD_URLS=https://debuginfod.ubuntu.com LD_LIBRARY_PATH=/home/cnrlab/Desktop/scx_basic/workload/n1_4/install/sensor/lib:${LD_LIBRARY_PATH} PYTHONPATH=/home/cnrlab/Desktop/scx_basic/workload/n1_4/install/sensor/lib/python3.12/site-packages:${PYTHONPATH} /usr/bin/cmake --build /home/cnrlab/Desktop/scx_basic/workload/n1_4/build/process -- -j20 -l20
[12.860s] DEBUG:colcon.colcon_core.event_handler.log_command:Invoking command in '/home/cnrlab/Desktop/scx_basic/workload/n1_4/build/process': AMENT_PREFIX_PATH=/home/cnrlab/Desktop/scx_basic/workload/n1_4/install/sensor:${AMENT_PREFIX_PATH} CMAKE_PREFIX_PATH=/home/cnrlab/Desktop/scx_basic/workload/n1_4/install/sensor:/opt/ros/jazzy/opt/gz_math_vendor:/opt/ros/jazzy/opt/gz_utils_vendor:/opt/ros/jazzy/opt/gz_cmake_vendor:/opt/ros/jazzy DEBUGINFOD_URLS=https://debuginfod.ubuntu.com LD_LIBRARY_PATH=/home/cnrlab/Desktop/scx_basic/workload/n1_4/install/sensor/lib:${LD_LIBRARY_PATH} PYTHONPATH=/home/cnrlab/Desktop/scx_basic/workload/n1_4/install/sensor/lib/python3.12/site-packages:${PYTHONPATH} /usr/bin/cmake --install /home/cnrlab/Desktop/scx_basic/workload/n1_4/build/process
[12.874s] Level 1:colcon.colcon_core.environment:create_environment_scripts_only(process)
[12.875s] Level 1:colcon.colcon_core.environment:checking '/home/cnrlab/Desktop/scx_basic/workload/n1_4/install/process' for CMake module files
[12.875s] DEBUG:colcon.colcon_core.event_handler.log_command:Invoked command in '/home/cnrlab/Desktop/scx_basic/workload/n1_4/build/process' returned '0': AMENT_PREFIX_PATH=/home/cnrlab/Desktop/scx_basic/workload/n1_4/install/sensor:${AMENT_PREFIX_PATH} CMAKE_PREFIX_PATH=/home/cnrlab/Desktop/scx_basic/workload/n1_4/install/sensor:/opt/ros/jazzy/opt/gz_math_vendor:/opt/ros/jazzy/opt/gz_utils_vendor:/opt/ros/jazzy/opt/gz_cmake_vendor:/opt/ros/jazzy DEBUGINFOD_URLS=https://debuginfod.ubuntu.com LD_LIBRARY_PATH=/home/cnrlab/Desktop/scx_basic/workload/n1_4/install/sensor/lib:${LD_LIBRARY_PATH} PYTHONPATH=/home/cnrlab/Desktop/scx_basic/workload/n1_4/install/sensor/lib/python3.12/site-packages:${PYTHONPATH} /usr/bin/cmake --install /home/cnrlab/Desktop/scx_basic/workload/n1_4/build/process
[12.875s] Level 1:colcon.colcon_core.environment:checking '/home/cnrlab/Desktop/scx_basic/workload/n1_4/install/process' for CMake config files
[12.875s] Level 1:colcon.colcon_core.shell:create_environment_hook('process', 'cmake_prefix_path')
[12.875s] INFO:colcon.colcon_core.shell:Creating environment descriptor '/home/cnrlab/Desktop/scx_basic/workload/n1_4/install/process/share/process/hook/cmake_prefix_path.dsv'
[12.876s] INFO:colcon.colcon_core.shell:Creating environment hook '/home/cnrlab/Desktop/scx_basic/workload/n1_4/install/process/share/process/hook/cmake_prefix_path.sh'
[12.876s] Level 1:colcon.colcon_core.environment:checking '/home/cnrlab/Desktop/scx_basic/workload/n1_4/install/process/lib'
[12.876s] Level 1:colcon.colcon_core.environment:checking '/home/cnrlab/Desktop/scx_basic/workload/n1_4/install/process/bin'
[12.876s] Level 1:colcon.colcon_core.environment:checking '/home/cnrlab/Desktop/scx_basic/workload/n1_4/install/process/lib/pkgconfig/process.pc'
[12.876s] Level 1:colcon.colcon_core.environment:checking '/home/cnrlab/Desktop/scx_basic/workload/n1_4/install/process/lib/python3.12/site-packages'
[12.876s] Level 1:colcon.colcon_core.environment:checking '/home/cnrlab/Desktop/scx_basic/workload/n1_4/install/process/bin'
[12.877s] INFO:colcon.colcon_core.shell:Creating package descriptor '/home/cnrlab/Desktop/scx_basic/workload/n1_4/install/process/share/process/package.dsv'
[12.877s] INFO:colcon.colcon_core.shell:Creating package script '/home/cnrlab/Desktop/scx_basic/workload/n1_4/install/process/share/process/package.sh'
[12.877s] INFO:colcon.colcon_core.shell:Creating package script '/home/cnrlab/Desktop/scx_basic/workload/n1_4/install/process/share/process/package.bash'
[12.877s] INFO:colcon.colcon_core.shell:Creating package script '/home/cnrlab/Desktop/scx_basic/workload/n1_4/install/process/share/process/package.zsh'
[12.877s] Level 1:colcon.colcon_core.environment:create_file_with_runtime_dependencies(/home/cnrlab/Desktop/scx_basic/workload/n1_4/install/process/share/colcon-core/packages/process)
[12.878s] Level 1:colcon.colcon_core.environment:create_environment_scripts_only(process)
[12.878s] Level 1:colcon.colcon_core.environment:checking '/home/cnrlab/Desktop/scx_basic/workload/n1_4/install/process' for CMake module files
[12.878s] Level 1:colcon.colcon_core.environment:checking '/home/cnrlab/Desktop/scx_basic/workload/n1_4/install/process' for CMake config files
[12.878s] Level 1:colcon.colcon_core.shell:create_environment_hook('process', 'cmake_prefix_path')
[12.878s] INFO:colcon.colcon_core.shell:Creating environment descriptor '/home/cnrlab/Desktop/scx_basic/workload/n1_4/install/process/share/process/hook/cmake_prefix_path.dsv'
[12.878s] INFO:colcon.colcon_core.shell:Creating environment hook '/home/cnrlab/Desktop/scx_basic/workload/n1_4/install/process/share/process/hook/cmake_prefix_path.sh'
[12.879s] Level 1:colcon.colcon_core.environment:checking '/home/cnrlab/Desktop/scx_basic/workload/n1_4/install/process/lib'
[12.879s] Level 1:colcon.colcon_core.environment:checking '/home/cnrlab/Desktop/scx_basic/workload/n1_4/install/process/bin'
[12.879s] Level 1:colcon.colcon_core.environment:checking '/home/cnrlab/Desktop/scx_basic/workload/n1_4/install/process/lib/pkgconfig/process.pc'
[12.879s] Level 1:colcon.colcon_core.environment:checking '/home/cnrlab/Desktop/scx_basic/workload/n1_4/install/process/lib/python3.12/site-packages'
[12.879s] Level 1:colcon.colcon_core.environment:checking '/home/cnrlab/Desktop/scx_basic/workload/n1_4/install/process/bin'
[12.879s] INFO:colcon.colcon_core.shell:Creating package descriptor '/home/cnrlab/Desktop/scx_basic/workload/n1_4/install/process/share/process/package.dsv'
[12.880s] INFO:colcon.colcon_core.shell:Creating package script '/home/cnrlab/Desktop/scx_basic/workload/n1_4/install/process/share/process/package.sh'
[12.880s] INFO:colcon.colcon_core.shell:Creating package script '/home/cnrlab/Desktop/scx_basic/workload/n1_4/install/process/share/process/package.bash'
[12.880s] INFO:colcon.colcon_core.shell:Creating package script '/home/cnrlab/Desktop/scx_basic/workload/n1_4/install/process/share/process/package.zsh'
[12.880s] Level 1:colcon.colcon_core.environment:create_file_with_runtime_dependencies(/home/cnrlab/Desktop/scx_basic/workload/n1_4/install/process/share/colcon-core/packages/process)
[13.003s] DEBUG:colcon.colcon_core.event_handler.log_command:Invoked command in '/home/cnrlab/Desktop/scx_basic/workload/n1_4/build/fanout' returned '0': AMENT_PREFIX_PATH=/home/cnrlab/Desktop/scx_basic/workload/n1_4/install/sensor:${AMENT_PREFIX_PATH} CMAKE_PREFIX_PATH=/home/cnrlab/Desktop/scx_basic/workload/n1_4/install/sensor:/opt/ros/jazzy/opt/gz_math_vendor:/opt/ros/jazzy/opt/gz_utils_vendor:/opt/ros/jazzy/opt/gz_cmake_vendor:/opt/ros/jazzy DEBUGINFOD_URLS=https://debuginfod.ubuntu.com LD_LIBRARY_PATH=/home/cnrlab/Desktop/scx_basic/workload/n1_4/install/sensor/lib:${LD_LIBRARY_PATH} PYTHONPATH=/home/cnrlab/Desktop/scx_basic/workload/n1_4/install/sensor/lib/python3.12/site-packages:${PYTHONPATH} /usr/bin/cmake --build /home/cnrlab/Desktop/scx_basic/workload/n1_4/build/fanout -- -j20 -l20
[13.004s] DEBUG:colcon.colcon_core.event_handler.log_command:Invoking command in '/home/cnrlab/Desktop/scx_basic/workload/n1_4/build/fanout': AMENT_PREFIX_PATH=/home/cnrlab/Desktop/scx_basic/workload/n1_4/install/sensor:${AMENT_PREFIX_PATH} CMAKE_PREFIX_PATH=/home/cnrlab/Desktop/scx_basic/workload/n1_4/install/sensor:/opt/ros/jazzy/opt/gz_math_vendor:/opt/ros/jazzy/opt/gz_utils_vendor:/opt/ros/jazzy/opt/gz_cmake_vendor:/opt/ros/jazzy DEBUGINFOD_URLS=https://debuginfod.ubuntu.com LD_LIBRARY_PATH=/home/cnrlab/Desktop/scx_basic/workload/n1_4/install/sensor/lib:${LD_LIBRARY_PATH} PYTHONPATH=/home/cnrlab/Desktop/scx_basic/workload/n1_4/install/sensor/lib/python3.12/site-packages:${PYTHONPATH} /usr/bin/cmake --install /home/cnrlab/Desktop/scx_basic/workload/n1_4/build/fanout
[13.016s] Level 1:colcon.colcon_core.environment:create_environment_scripts_only(fanout)
[13.016s] Level 1:colcon.colcon_core.environment:checking '/home/cnrlab/Desktop/scx_basic/workload/n1_4/install/fanout' for CMake module files
[13.016s] DEBUG:colcon.colcon_core.event_handler.log_command:Invoked command in '/home/cnrlab/Desktop/scx_basic/workload/n1_4/build/fanout' returned '0': AMENT_PREFIX_PATH=/home/cnrlab/Desktop/scx_basic/workload/n1_4/install/sensor:${AMENT_PREFIX_PATH} CMAKE_PREFIX_PATH=/home/cnrlab/Desktop/scx_basic/workload/n1_4/install/sensor:/opt/ros/jazzy/opt/gz_math_vendor:/opt/ros/jazzy/opt/gz_utils_vendor:/opt/ros/jazzy/opt/gz_cmake_vendor:/opt/ros/jazzy DEBUGINFOD_URLS=https://debuginfod.ubuntu.com LD_LIBRARY_PATH=/home/cnrlab/Desktop/scx_basic/workload/n1_4/install/sensor/lib:${LD_LIBRARY_PATH} PYTHONPATH=/home/cnrlab/Desktop/scx_basic/workload/n1_4/install/sensor/lib/python3.12/site-packages:${PYTHONPATH} /usr/bin/cmake --install /home/cnrlab/Desktop/scx_basic/workload/n1_4/build/fanout
[13.017s] Level 1:colcon.colcon_core.environment:checking '/home/cnrlab/Desktop/scx_basic/workload/n1_4/install/fanout' for CMake config files
[13.017s] Level 1:colcon.colcon_core.shell:create_environment_hook('fanout', 'cmake_prefix_path')
[13.017s] INFO:colcon.colcon_core.shell:Creating environment descriptor '/home/cnrlab/Desktop/scx_basic/workload/n1_4/install/fanout/share/fanout/hook/cmake_prefix_path.dsv'
[13.017s] INFO:colcon.colcon_core.shell:Creating environment hook '/home/cnrlab/Desktop/scx_basic/workload/n1_4/install/fanout/share/fanout/hook/cmake_prefix_path.sh'
[13.018s] Level 1:colcon.colcon_core.environment:checking '/home/cnrlab/Desktop/scx_basic/workload/n1_4/install/fanout/lib'
[13.018s] Level 1:colcon.colcon_core.environment:checking '/home/cnrlab/Desktop/scx_basic/workload/n1_4/install/fanout/bin'
[13.018s] Level 1:colcon.colcon_core.environment:checking '/home/cnrlab/Desktop/scx_basic/workload/n1_4/install/fanout/lib/pkgconfig/fanout.pc'
[13.018s] Level 1:colcon.colcon_core.environment:checking '/home/cnrlab/Desktop/scx_basic/workload/n1_4/install/fanout/lib/python3.12/site-packages'
[13.019s] Level 1:colcon.colcon_core.environment:checking '/home/cnrlab/Desktop/scx_basic/workload/n1_4/install/fanout/bin'
[13.019s] INFO:colcon.colcon_core.shell:Creating package descriptor '/home/cnrlab/Desktop/scx_basic/workload/n1_4/install/fanout/share/fanout/package.dsv'
[13.019s] INFO:colcon.colcon_core.shell:Creating package script '/home/cnrlab/Desktop/scx_basic/workload/n1_4/install/fanout/share/fanout/package.sh'
[13.019s] INFO:colcon.colcon_core.shell:Creating package script '/home/cnrlab/Desktop/scx_basic/workload/n1_4/install/fanout/share/fanout/package.bash'
[13.020s] INFO:colcon.colcon_core.shell:Creating package script '/home/cnrlab/Desktop/scx_basic/workload/n1_4/install/fanout/share/fanout/package.zsh'
[13.020s] Level 1:colcon.colcon_core.environment:create_file_with_runtime_dependencies(/home/cnrlab/Desktop/scx_basic/workload/n1_4/install/fanout/share/colcon-core/packages/fanout)
[13.020s] Level 1:colcon.colcon_core.environment:create_environment_scripts_only(fanout)
[13.021s] Level 1:colcon.colcon_core.environment:checking '/home/cnrlab/Desktop/scx_basic/workload/n1_4/install/fanout' for CMake module files
[13.021s] Level 1:colcon.colcon_core.environment:checking '/home/cnrlab/Desktop/scx_basic/workload/n1_4/install/fanout' for CMake config files
[13.021s] Level 1:colcon.colcon_core.shell:create_environment_hook('fanout', 'cmake_prefix_path')
[13.021s] INFO:colcon.colcon_core.shell:Creating environment descriptor '/home/cnrlab/Desktop/scx_basic/workload/n1_4/install/fanout/share/fanout/hook/cmake_prefix_path.dsv'
[13.022s] INFO:colcon.colcon_core.shell:Creating environment hook '/home/cnrlab/Desktop/scx_basic/workload/n1_4/install/fanout/share/fanout/hook/cmake_prefix_path.sh'
[13.022s] Level 1:colcon.colcon_core.environment:checking '/home/cnrlab/Desktop/scx_basic/workload/n1_4/install/fanout/lib'
[13.022s] Level 1:colcon.colcon_core.environment:checking '/home/cnrlab/Desktop/scx_basic/workload/n1_4/install/fanout/bin'
[13.022s] Level 1:colcon.colcon_core.environment:checking '/home/cnrlab/Desktop/scx_basic/workload/n1_4/install/fanout/lib/pkgconfig/fanout.pc'
[13.023s] Level 1:colcon.colcon_core.environment:checking '/home/cnrlab/Desktop/scx_basic/workload/n1_4/install/fanout/lib/python3.12/site-packages'
[13.023s] Level 1:colcon.colcon_core.environment:checking '/home/cnrlab/Desktop/scx_basic/workload/n1_4/install/fanout/bin'
[13.023s] INFO:colcon.colcon_core.shell:Creating package descriptor '/home/cnrlab/Desktop/scx_basic/workload/n1_4/install/fanout/share/fanout/package.dsv'
[13.023s] INFO:colcon.colcon_core.shell:Creating package script '/home/cnrlab/Desktop/scx_basic/workload/n1_4/install/fanout/share/fanout/package.sh'
[13.024s] INFO:colcon.colcon_core.shell:Creating package script '/home/cnrlab/Desktop/scx_basic/workload/n1_4/install/fanout/share/fanout/package.bash'
[13.024s] INFO:colcon.colcon_core.shell:Creating package script '/home/cnrlab/Desktop/scx_basic/workload/n1_4/install/fanout/share/fanout/package.zsh'
[13.024s] Level 1:colcon.colcon_core.environment:create_file_with_runtime_dependencies(/home/cnrlab/Desktop/scx_basic/workload/n1_4/install/fanout/share/colcon-core/packages/fanout)
[13.025s] DEBUG:colcon.colcon_parallel_executor.executor.parallel:closing loop
[13.025s] DEBUG:colcon.colcon_parallel_executor.executor.parallel:loop closed
[13.025s] DEBUG:colcon.colcon_parallel_executor.executor.parallel:run_until_complete finished with '0'
[13.025s] DEBUG:colcon.colcon_core.event_reactor:joining thread
[13.029s] INFO:colcon.colcon_core.plugin_system:Skipping extension 'colcon_notification.desktop_notification.terminal_notifier': Not used on non-Darwin systems
[13.029s] INFO:colcon.colcon_core.plugin_system:Skipping extension 'colcon_notification.desktop_notification.win32': Not used on non-Windows systems
[13.029s] INFO:colcon.colcon_notification.desktop_notification:Sending desktop notification using 'notify2'
[13.038s] DEBUG:colcon.colcon_core.event_reactor:joined thread
[13.038s] INFO:colcon.colcon_core.shell:Creating prefix script '/home/cnrlab/Desktop/scx_basic/workload/n1_4/install/local_setup.sh'
[13.039s] INFO:colcon.colcon_core.shell:Creating prefix util module '/home/cnrlab/Desktop/scx_basic/workload/n1_4/install/_local_setup_util_sh.py'
[13.040s] INFO:colcon.colcon_core.shell:Creating prefix chain script '/home/cnrlab/Desktop/scx_basic/workload/n1_4/install/setup.sh'
[13.041s] INFO:colcon.colcon_core.shell:Creating prefix script '/home/cnrlab/Desktop/scx_basic/workload/n1_4/install/local_setup.bash'
[13.041s] INFO:colcon.colcon_core.shell:Creating prefix chain script '/home/cnrlab/Desktop/scx_basic/workload/n1_4/install/setup.bash'
[13.042s] INFO:colcon.colcon_core.shell:Creating prefix script '/home/cnrlab/Desktop/scx_basic/workload/n1_4/install/local_setup.zsh'
[13.042s] INFO:colcon.colcon_core.shell:Creating prefix chain script '/home/cnrlab/Desktop/scx_basic/workload/n1_4/install/setup.zsh'
