[0.007s] Invoking command in '/home/cnrlab/Desktop/scx_basic/workload/n1_4/build/planner': AMENT_PREFIX_PATH=/home/cnrlab/Desktop/scx_basic/workload/n1_4/install/sensor:${AMENT_PREFIX_PATH} CMAKE_PREFIX_PATH=/home/cnrlab/Desktop/scx_basic/workload/n1_4/install/sensor:/opt/ros/jazzy/opt/gz_math_vendor:/opt/ros/jazzy/opt/gz_utils_vendor:/opt/ros/jazzy/opt/gz_cmake_vendor:/opt/ros/jazzy DEBUGINFOD_URLS=https://debuginfod.ubuntu.com LD_LIBRARY_PATH=/home/cnrlab/Desktop/scx_basic/workload/n1_4/install/sensor/lib:${LD_LIBRARY_PATH} PYTHONPATH=/home/cnrlab/Desktop/scx_basic/workload/n1_4/install/sensor/lib/python3.12/site-packages:${PYTHONPATH} /usr/bin/cmake /home/cnrlab/Desktop/scx_basic/workload/n1_4/src/planner -DCMAKE_INSTALL_PREFIX=/home/cnrlab/Desktop/scx_basic/workload/n1_4/install/planner
[0.052s] -- The C compiler identification is GNU 13.3.0
[0.093s] -- The CXX compiler identification is GNU 13.3.0
[0.106s] -- Detecting C compiler ABI info
[0.168s] -- Detecting C compiler ABI info - done
[0.179s] -- Check for working C compiler: /usr/bin/cc - skipped
[0.179s] -- Detecting C compile features
[0.179s] -- Detecting C compile features - done
[0.186s] -- Detecting CXX compiler ABI info
[0.256s] -- Detecting CXX compiler ABI info - done
[0.262s] -- Check for working CXX compiler: /usr/bin/c++ - skipped
[0.262s] -- Detecting CXX compile features
[0.262s] -- Detecting CXX compile features - done
[0.264s] -- Found ament_cmake: 2.5.5 (/opt/ros/jazzy/share/ament_cmake/cmake)
[0.371s] -- Found Python3: /usr/bin/python3 (found version "3.12.3") found components: Interpreter 
[0.442s] -- Found rclcpp: 28.1.16 (/opt/ros/jazzy/share/rclcpp/cmake)
[0.466s] -- Found rosidl_generator_c: 4.6.7 (/opt/ros/jazzy/share/rosidl_generator_c/cmake)
[0.475s] -- Found rosidl_generator_cpp: 4.6.7 (/opt/ros/jazzy/share/rosidl_generator_cpp/cmake)
[0.485s] -- Using all available rosidl_typesupport_c: rosidl_typesupport_fastrtps_c;rosidl_typesupport_introspection_c
[0.498s] -- Using all available rosidl_typesupport_cpp: rosidl_typesupport_fastrtps_cpp;rosidl_typesupport_introspection_cpp
[0.552s] -- Found rmw_implementation_cmake: 7.3.3 (/opt/ros/jazzy/share/rmw_implementation_cmake/cmake)
[0.553s] -- Found rmw_fastrtps_cpp: 8.4.3 (/opt/ros/jazzy/share/rmw_fastrtps_cpp/cmake)
[0.615s] -- Found OpenSSL: /usr/lib/x86_64-linux-gnu/libcrypto.so (found version "3.0.13")  
[0.632s] -- Found FastRTPS: /opt/ros/jazzy/include (Required is at least version "2.13") 
[0.651s] -- Using RMW implementation 'rmw_fastrtps_cpp' as default
[0.719s] -- Found sensor: 0.0.0 (/home/cnrlab/Desktop/scx_basic/workload/n1_4/install/sensor/share/sensor/cmake)
[0.728s] -- Found ament_lint_auto: 0.17.4 (/opt/ros/jazzy/share/ament_lint_auto/cmake)
[0.804s] -- Added test 'cppcheck' to perform static code analysis on C / C++ code
[0.804s] -- Configured cppcheck include dirs: 
[0.804s] -- Configured cppcheck exclude dirs and/or files: 
[0.804s] -- Added test 'lint_cmake' to check CMake code style
[0.805s] -- Added test 'uncrustify' to check C / C++ code style
[0.805s] -- Configured uncrustify additional arguments: 
[0.805s] -- Added test 'xmllint' to check XML markup files
[0.806s] -- Configuring done (0.8s)
[0.812s] -- Generating done (0.0s)
[0.815s] -- Build files have been written to: /home/cnrlab/Desktop/scx_basic/workload/n1_4/build/planner
[0.822s] Invoked command in '/home/cnrlab/Desktop/scx_basic/workload/n1_4/build/planner' returned '0': AMENT_PREFIX_PATH=/home/cnrlab/Desktop/scx_basic/workload/n1_4/install/sensor:${AMENT_PREFIX_PATH} CMAKE_PREFIX_PATH=/home/cnrlab/Desktop/scx_basic/workload/n1_4/install/sensor:/opt/ros/jazzy/opt/gz_math_vendor:/opt/ros/jazzy/opt/gz_utils_vendor:/opt/ros/jazzy/opt/gz_cmake_vendor:/opt/ros/jazzy DEBUGINFOD_URLS=https://debuginfod.ubuntu.com LD_LIBRARY_PATH=/home/cnrlab/Desktop/scx_basic/workload/n1_4/install/sensor/lib:${LD_LIBRARY_PATH} PYTHONPATH=/home/cnrlab/Desktop/scx_basic/workload/n1_4/install/sensor/lib/python3.12/site-packages:${PYTHONPATH} /usr/bin/cmake /home/cnrlab/Desktop/scx_basic/workload/n1_4/src/planner -DCMAKE_INSTALL_PREFIX=/home/cnrlab/Desktop/scx_basic/workload/n1_4/install/planner
[0.822s] Invoking command in '/home/cnrlab/Desktop/scx_basic/workload/n1_4/build/planner': AMENT_PREFIX_PATH=/home/cnrlab/Desktop/scx_basic/workload/n1_4/install/sensor:${AMENT_PREFIX_PATH} CMAKE_PREFIX_PATH=/home/cnrlab/Desktop/scx_basic/workload/n1_4/install/sensor:/opt/ros/jazzy/opt/gz_math_vendor:/opt/ros/jazzy/opt/gz_utils_vendor:/opt/ros/jazzy/opt/gz_cmake_vendor:/opt/ros/jazzy DEBUGINFOD_URLS=https://debuginfod.ubuntu.com LD_LIBRARY_PATH=/home/cnrlab/Desktop/scx_basic/workload/n1_4/install/sensor/lib:${LD_LIBRARY_PATH} PYTHONPATH=/home/cnrlab/Desktop/scx_basic/workload/n1_4/install/sensor/lib/python3.12/site-packages:${PYTHONPATH} /usr/bin/cmake --build /home/cnrlab/Desktop/scx_basic/workload/n1_4/build/planner -- -j20 -l20
[0.855s] [ 50%] [32mBuilding CXX object CMakeFiles/n3.dir/src/n3.cpp.o[0m
[6.292s] [100%] [32m[1mLinking CXX executable n3[0m
[6.520s] [100%] Built target n3
[6.531s] Invoked command in '/home/cnrlab/Desktop/scx_basic/workload/n1_4/build/planner' returned '0': AMENT_PREFIX_PATH=/home/cnrlab/Desktop/scx_basic/workload/n1_4/install/sensor:${AMENT_PREFIX_PATH} CMAKE_PREFIX_PATH=/home/cnrlab/Desktop/scx_basic/workload/n1_4/install/sensor:/opt/ros/jazzy/opt/gz_math_vendor:/opt/ros/jazzy/opt/gz_utils_vendor:/opt/ros/jazzy/opt/gz_cmake_vendor:/opt/ros/jazzy DEBUGINFOD_URLS=https://debuginfod.ubuntu.com LD_LIBRARY_PATH=/home/cnrlab/Desktop/scx_basic/workload/n1_4/install/sensor/lib:${LD_LIBRARY_PATH} PYTHONPATH=/home/cnrlab/Desktop/scx_basic/workload/n1_4/install/sensor/lib/python3.12/site-packages:${PYTHONPATH} /usr/bin/cmake --build /home/cnrlab/Desktop/scx_basic/workload/n1_4/build/planner -- -j20 -l20
[6.531s] Invoking command in '/home/cnrlab/Desktop/scx_basic/workload/n1_4/build/planner': AMENT_PREFIX_PATH=/home/cnrlab/Desktop/scx_basic/workload/n1_4/install/sensor:${AMENT_PREFIX_PATH} CMAKE_PREFIX_PATH=/home/cnrlab/Desktop/scx_basic/workload/n1_4/install/sensor:/opt/ros/jazzy/opt/gz_math_vendor:/opt/ros/jazzy/opt/gz_utils_vendor:/opt/ros/jazzy/opt/gz_cmake_vendor:/opt/ros/jazzy DEBUGINFOD_URLS=https://debuginfod.ubuntu.com LD_LIBRARY_PATH=/home/cnrlab/Desktop/scx_basic/workload/n1_4/install/sensor/lib:${LD_LIBRARY_PATH} PYTHONPATH=/home/cnrlab/Desktop/scx_basic/workload/n1_4/install/sensor/lib/python3.12/site-packages:${PYTHONPATH} /usr/bin/cmake --install /home/cnrlab/Desktop/scx_basic/workload/n1_4/build/planner
[6.539s] -- Install configuration: ""
[6.539s] -- Installing: /home/cnrlab/Desktop/scx_basic/workload/n1_4/install/planner/lib/planner/n3
[6.543s] -- Set non-toolchain portion of runtime path of "/home/cnrlab/Desktop/scx_basic/workload/n1_4/install/planner/lib/planner/n3" to ""
[6.543s] -- Installing: /home/cnrlab/Desktop/scx_basic/workload/n1_4/install/planner/share/planner/config
[6.543s] -- Installing: /home/cnrlab/Desktop/scx_basic/workload/n1_4/install/planner/share/planner/config/planner_config.yaml
[6.543s] -- Installing: /home/cnrlab/Desktop/scx_basic/workload/n1_4/install/planner/share/ament_index/resource_index/package_run_dependencies/planner
[6.543s] -- Installing: /home/cnrlab/Desktop/scx_basic/workload/n1_4/install/planner/share/ament_index/resource_index/parent_prefix_path/planner
[6.543s] -- Installing: /home/cnrlab/Desktop/scx_basic/workload/n1_4/install/planner/share/planner/environment/ament_prefix_path.sh
[6.543s] -- Installing: /home/cnrlab/Desktop/scx_basic/workload/n1_4/install/planner/share/planner/environment/ament_prefix_path.dsv
[6.544s] -- Installing: /home/cnrlab/Desktop/scx_basic/workload/n1_4/install/planner/share/planner/environment/path.sh
[6.544s] -- Installing: /home/cnrlab/Desktop/scx_basic/workload/n1_4/install/planner/share/planner/environment/path.dsv
[6.544s] -- Installing: /home/cnrlab/Desktop/scx_basic/workload/n1_4/install/planner/share/planner/local_setup.bash
[6.544s] -- Installing: /home/cnrlab/Desktop/scx_basic/workload/n1_4/install/planner/share/planner/local_setup.sh
[6.544s] -- Installing: /home/cnrlab/Desktop/scx_basic/workload/n1_4/install/planner/share/planner/local_setup.zsh
[6.544s] -- Installing: /home/cnrlab/Desktop/scx_basic/workload/n1_4/install/planner/share/planner/local_setup.dsv
[6.544s] -- Installing: /home/cnrlab/Desktop/scx_basic/workload/n1_4/install/planner/share/planner/package.dsv
[6.545s] -- Installing: /home/cnrlab/Desktop/scx_basic/workload/n1_4/install/planner/share/ament_index/resource_index/packages/planner
[6.545s] -- Installing: /home/cnrlab/Desktop/scx_basic/workload/n1_4/install/planner/share/planner/cmake/ament_cmake_export_dependencies-extras.cmake
[6.545s] -- Installing: /home/cnrlab/Desktop/scx_basic/workload/n1_4/install/planner/share/planner/cmake/plannerConfig.cmake
[6.545s] -- Installing: /home/cnrlab/Desktop/scx_basic/workload/n1_4/install/planner/share/planner/cmake/plannerConfig-version.cmake
[6.545s] -- Installing: /home/cnrlab/Desktop/scx_basic/workload/n1_4/install/planner/share/planner/package.xml
[6.547s] Invoked command in '/home/cnrlab/Desktop/scx_basic/workload/n1_4/build/planner' returned '0': AMENT_PREFIX_PATH=/home/cnrlab/Desktop/scx_basic/workload/n1_4/install/sensor:${AMENT_PREFIX_PATH} CMAKE_PREFIX_PATH=/home/cnrlab/Desktop/scx_basic/workload/n1_4/install/sensor:/opt/ros/jazzy/opt/gz_math_vendor:/opt/ros/jazzy/opt/gz_utils_vendor:/opt/ros/jazzy/opt/gz_cmake_vendor:/opt/ros/jazzy DEBUGINFOD_URLS=https://debuginfod.ubuntu.com LD_LIBRARY_PATH=/home/cnrlab/Desktop/scx_basic/workload/n1_4/install/sensor/lib:${LD_LIBRARY_PATH} PYTHONPATH=/home/cnrlab/Desktop/scx_basic/workload/n1_4/install/sensor/lib/python3.12/site-packages:${PYTHONPATH} /usr/bin/cmake --install /home/cnrlab/Desktop/scx_basic/workload/n1_4/build/planner
